1.0560 	ERROR 	Requested audio device 'USB Audio CODEC ' that is not available on this hardware. The 'audioDevice' preference should be one of ['MacBook Pro Speakers']
7.0290 	EXP 	Created window1 = Window(allowGUI=False, allowStencil=False, args=UNKNOWN, autoLog=True, bitsMode=UNKNOWN, blendMode='avg', color=array([0., 0., 0.]), colorSpace='rgb', fullscr=<method-wrapper '__getattribute__' of attributeSetter object at 0x1583d1ef0>, gamma=None, gammaErrorPolicy='raise', kwargs=UNKNOWN, lms=UNKNOWN, monitor=<psychopy.monitors.calibTools.Monitor object at 0x15844d780>, multiSample=False, name='window1', numSamples=2, pos=[420.0, 262.5], screen=0, size=array([3360, 2100]), stereo=False, units='norm', useFBO=True, useRetina=True, viewOri=0.0, viewPos=None, viewScale=None, waitBlanking=True, winType='pyglet')
7.0290 	EXP 	window1: recordFrameIntervals = False
7.1942 	EXP 	window1: recordFrameIntervals = True
7.3787 	EXP 	window1: recordFrameIntervals = False
7.6664 	EXP 	Created text = TextStim(__class__=<class 'psychopy.visual.text.TextStim'>, alignHoriz='center', alignVert='center', antialias=True, autoLog=True, bold=False, color='white', colorSpace='named', contrast=1.0, depth=0.0, flipHoriz=False, flipVert=False, font='Arial', fontFiles=[], height=0.1, italic=False, languageStyle='LTR', name='text', opacity=1.0, ori=0, pos=array([0., 0.]), rgb=array([255., 255., 255.]), text='default text', units='norm', win=Window(...), wrapWidth=1)
7.6916 	EXP 	Created text = TextStim(__class__=<class 'psychopy.visual.text.TextStim'>, alignHoriz='center', alignVert='center', antialias=True, autoLog=True, bold=False, color='white', colorSpace='named', contrast=1.0, depth=0.0, flipHoriz=False, flipVert=False, font='Arial', fontFiles=[], height=0.1, italic=False, languageStyle='LTR', name='text', opacity=1.0, ori=0, pos=array([0., 0.]), rgb=array([255., 255., 255.]), text='default text', units='norm', win=Window(...), wrapWidth=1)
7.7147 	EXP 	Created text = TextStim(__class__=<class 'psychopy.visual.text.TextStim'>, alignHoriz='center', alignVert='center', antialias=True, autoLog=True, bold=False, color='white', colorSpace='named', contrast=1.0, depth=0.0, flipHoriz=False, flipVert=False, font='Arial', fontFiles=[], height=0.1, italic=False, languageStyle='LTR', name='text', opacity=1.0, ori=0, pos=array([0., 0.]), rgb=array([255., 255., 255.]), text='default text', units='norm', win=Window(...), wrapWidth=1)
7.7810 	EXP 	Created text_12 = TextStim(__class__=<class 'psychopy.visual.text.TextStim'>, alignHoriz='center', alignVert='center', antialias=True, autoLog=True, bold=False, color='white', colorSpace='named', contrast=1.0, depth=-1.0, flipHoriz=False, flipVert=False, font='Arial', fontFiles=[], height=0.1, italic=False, languageStyle='LTR', name='text_12', opacity=1.0, ori=0, pos=array([0. , 0.5]), rgb=array([255., 255., 255.]), text=str(...), units='norm', win=Window(...), wrapWidth=1)
7.8334 	EXP 	Created image_11 = ImageStim(__class__=<class 'psychopy.visual.image.ImageStim'>, autoLog=True, color=array([1., 1., 1.]), colorSpace='rgb', contrast=1.0, depth=-2.0, flipHoriz=False, flipVert=False, image='icon/intro_faces.jpg', interpolate=True, mask=None, maskParams=None, name='image_11', opacity=1.0, ori=0.0, pos=array([ 0. , -0.5]), size=array([0.85, 0.75]), texRes=128, units='norm', win=Window(...))
7.8369 	EXP 	Created text = TextStim(__class__=<class 'psychopy.visual.text.TextStim'>, alignHoriz='center', alignVert='center', antialias=True, autoLog=True, bold=False, color='white', colorSpace='named', contrast=1.0, depth=0.0, flipHoriz=False, flipVert=False, font='Arial', fontFiles=[], height=0.1, italic=False, languageStyle='LTR', name='text', opacity=1.0, ori=0, pos=array([0., 0.]), rgb=array([255., 255., 255.]), text='default text', units='norm', win=Window(...), wrapWidth=1)
7.8604 	EXP 	Created image_12 = ImageStim(__class__=<class 'psychopy.visual.image.ImageStim'>, autoLog=True, color=array([1., 1., 1.]), colorSpace='rgb', contrast=1.0, depth=0.0, flipHoriz=False, flipVert=False, image='sin', interpolate=True, mask=None, maskParams=None, name='image_12', opacity=1.0, ori=0.0, pos=array([0., 0.]), size=array([0.85, 0.75]), texRes=128, units='norm', win=Window(...))
7.8679 	EXP 	Created text_17 = TextStim(__class__=<class 'psychopy.visual.text.TextStim'>, alignHoriz='center', alignVert='center', antialias=True, autoLog=True, bold=False, color='white', colorSpace='named', contrast=1.0, depth=-1.0, flipHoriz=False, flipVert=False, font='Arial', fontFiles=[], height=0.15, italic=False, languageStyle='LTR', name='text_17', opacity=1.0, ori=0, pos=array([ 0. , -0.7]), rgb=array([255., 255., 255.]), text='default text', units='norm', win=Window(...), wrapWidth=1)
7.8925 	EXP 	Created text = TextStim(__class__=<class 'psychopy.visual.text.TextStim'>, alignHoriz='center', alignVert='center', antialias=True, autoLog=True, bold=False, color='white', colorSpace='named', contrast=1.0, depth=0.0, flipHoriz=False, flipVert=False, font='Arial', fontFiles=[], height=0.1, italic=False, languageStyle='LTR', name='text', opacity=1.0, ori=0, pos=array([0., 0.]), rgb=array([255., 255., 255.]), text='default text', units='norm', win=Window(...), wrapWidth=1)
7.9158 	EXP 	Created text_18 = TextStim(__class__=<class 'psychopy.visual.text.TextStim'>, alignHoriz='center', alignVert='center', antialias=True, autoLog=True, bold=False, color='white', colorSpace='named', contrast=1.0, depth=0.0, flipHoriz=False, flipVert=False, font='Arial', fontFiles=[], height=0.15, italic=False, languageStyle='LTR', name='text_18', opacity=1.0, ori=0, pos=array([-0.5 ,  0.25]), rgb=array([255., 255., 255.]), text='default text', units='norm', win=Window(...), wrapWidth=0.5)
7.9171 	EXP 	Created image_9 = ImageStim(__class__=<class 'psychopy.visual.image.ImageStim'>, autoLog=True, color=array([1., 1., 1.]), colorSpace='rgb', contrast=1.0, depth=-1.0, flipHoriz=False, flipVert=False, image='sin', interpolate=True, mask=None, maskParams=None, name='image_9', opacity=1.0, ori=0.0, pos=array([0.25, 0.25]), size=array([0.85, 0.75]), texRes=128, units='norm', win=Window(...))
7.9403 	EXP 	Created text_8 = TextStim(__class__=<class 'psychopy.visual.text.TextStim'>, alignHoriz='center', alignVert='center', antialias=True, autoLog=True, bold=False, color='white', colorSpace='named', contrast=1.0, depth=0.0, flipHoriz=False, flipVert=False, font='Arial', fontFiles=[], height=0.1, italic=False, languageStyle='LTR', name='text_8', opacity=1.0, ori=0, pos=array([ 0. , -0.6]), rgb=array([255., 255., 255.]), text='default text', units='norm', win=Window(...), wrapWidth=1)
7.9432 	EXP 	Created text_9 = TextStim(__class__=<class 'psychopy.visual.text.TextStim'>, alignHoriz='center', alignVert='center', antialias=True, autoLog=True, bold=False, color='white', colorSpace='named', contrast=1.0, depth=-1.0, flipHoriz=False, flipVert=False, font='Arial', fontFiles=[], height=0.15, italic=False, languageStyle='LTR', name='text_9', opacity=1.0, ori=0, pos=array([-0.5 ,  0.25]), rgb=array([255., 255., 255.]), text='default text', units='norm', win=Window(...), wrapWidth=0.5)
7.9443 	EXP 	Created image_5 = ImageStim(__class__=<class 'psychopy.visual.image.ImageStim'>, autoLog=True, color=array([1., 1., 1.]), colorSpace='rgb', contrast=1.0, depth=-2.0, flipHoriz=False, flipVert=False, image='sin', interpolate=True, mask=None, maskParams=None, name='image_5', opacity=1.0, ori=0.0, pos=array([0.25, 0.25]), size=array([0.85, 0.75]), texRes=128, units='norm', win=Window(...))
7.9680 	EXP 	Created text_10 = TextStim(__class__=<class 'psychopy.visual.text.TextStim'>, alignHoriz='center', alignVert='center', antialias=True, autoLog=True, bold=False, color='white', colorSpace='named', contrast=1.0, depth=0.0, flipHoriz=False, flipVert=False, font='Arial', fontFiles=[], height=0.1, italic=False, languageStyle='LTR', name='text_10', opacity=1.0, ori=0, pos=array([ 0. , -0.6]), rgb=array([255., 255., 255.]), text='default text', units='norm', win=Window(...), wrapWidth=1)
7.9710 	EXP 	Created text_11 = TextStim(__class__=<class 'psychopy.visual.text.TextStim'>, alignHoriz='center', alignVert='center', antialias=True, autoLog=True, bold=False, color='white', colorSpace='named', contrast=1.0, depth=-1.0, flipHoriz=False, flipVert=False, font='Arial', fontFiles=[], height=0.15, italic=False, languageStyle='LTR', name='text_11', opacity=1.0, ori=0, pos=array([-0.5 ,  0.25]), rgb=array([255., 255., 255.]), text='default text', units='norm', win=Window(...), wrapWidth=0.5)
7.9722 	EXP 	Created image_6 = ImageStim(__class__=<class 'psychopy.visual.image.ImageStim'>, autoLog=True, color=array([1., 1., 1.]), colorSpace='rgb', contrast=1.0, depth=-2.0, flipHoriz=False, flipVert=False, image='sin', interpolate=True, mask=None, maskParams=None, name='image_6', opacity=1.0, ori=0.0, pos=array([0.25, 0.25]), size=array([0.85, 0.75]), texRes=128, units='norm', win=Window(...))
7.9953 	EXP 	Created text_13 = TextStim(__class__=<class 'psychopy.visual.text.TextStim'>, alignHoriz='center', alignVert='center', antialias=True, autoLog=True, bold=False, color='white', colorSpace='named', contrast=1.0, depth=0.0, flipHoriz=False, flipVert=False, font='Arial', fontFiles=[], height=0.1, italic=False, languageStyle='LTR', name='text_13', opacity=1.0, ori=0, pos=array([ 0. , -0.6]), rgb=array([255., 255., 255.]), text='default text', units='norm', win=Window(...), wrapWidth=1)
7.9981 	EXP 	Created text_14 = TextStim(__class__=<class 'psychopy.visual.text.TextStim'>, alignHoriz='center', alignVert='center', antialias=True, autoLog=True, bold=False, color='white', colorSpace='named', contrast=1.0, depth=-1.0, flipHoriz=False, flipVert=False, font='Arial', fontFiles=[], height=0.15, italic=False, languageStyle='LTR', name='text_14', opacity=1.0, ori=0, pos=array([-0.5 ,  0.25]), rgb=array([255., 255., 255.]), text='default text', units='norm', win=Window(...), wrapWidth=0.5)
7.9992 	EXP 	Created image_7 = ImageStim(__class__=<class 'psychopy.visual.image.ImageStim'>, autoLog=True, color=array([1., 1., 1.]), colorSpace='rgb', contrast=1.0, depth=-2.0, flipHoriz=False, flipVert=False, image='sin', interpolate=True, mask=None, maskParams=None, name='image_7', opacity=1.0, ori=0.0, pos=array([0.25, 0.25]), size=array([0.85, 0.75]), texRes=128, units='norm', win=Window(...))
8.0230 	EXP 	Created text_15 = TextStim(__class__=<class 'psychopy.visual.text.TextStim'>, alignHoriz='center', alignVert='center', antialias=True, autoLog=True, bold=False, color='white', colorSpace='named', contrast=1.0, depth=0.0, flipHoriz=False, flipVert=False, font='Arial', fontFiles=[], height=0.1, italic=False, languageStyle='LTR', name='text_15', opacity=1.0, ori=0, pos=array([ 0. , -0.6]), rgb=array([255., 255., 255.]), text='default text', units='norm', win=Window(...), wrapWidth=1)
8.0259 	EXP 	Created text_16 = TextStim(__class__=<class 'psychopy.visual.text.TextStim'>, alignHoriz='center', alignVert='center', antialias=True, autoLog=True, bold=False, color='white', colorSpace='named', contrast=1.0, depth=-1.0, flipHoriz=False, flipVert=False, font='Arial', fontFiles=[], height=0.15, italic=False, languageStyle='LTR', name='text_16', opacity=1.0, ori=0, pos=array([-0.5 ,  0.25]), rgb=array([255., 255., 255.]), text='default text', units='norm', win=Window(...), wrapWidth=0.5)
8.0270 	EXP 	Created image_8 = ImageStim(__class__=<class 'psychopy.visual.image.ImageStim'>, autoLog=True, color=array([1., 1., 1.]), colorSpace='rgb', contrast=1.0, depth=-2.0, flipHoriz=False, flipVert=False, image='sin', interpolate=True, mask=None, maskParams=None, name='image_8', opacity=1.0, ori=0.0, pos=array([0.25, 0.25]), size=array([0.85, 0.75]), texRes=128, units='norm', win=Window(...))
8.0591 	EXP 	Created text_5 = TextStim(__class__=<class 'psychopy.visual.text.TextStim'>, alignHoriz='center', alignVert='center', antialias=True, autoLog=True, bold=False, color='white', colorSpace='named', contrast=1.0, depth=0.0, flipHoriz=False, flipVert=False, font='Arial', fontFiles=[], height=0.1, italic=False, languageStyle='LTR', name='text_5', opacity=1.0, ori=0, pos=array([0., 0.]), rgb=array([255., 255., 255.]), text=str(...), units='norm', win=Window(...), wrapWidth=1)
8.0851 	EXP 	Created question1_2 = TextStim(__class__=<class 'psychopy.visual.text.TextStim'>, alignHoriz='center', alignVert='center', antialias=True, autoLog=True, bold=False, color='white', colorSpace='named', contrast=1.0, depth=-1.0, flipHoriz=False, flipVert=False, font='Arial', fontFiles=[], height=0.08, italic=False, languageStyle='LTR', name='question1_2', opacity=1.0, ori=0, pos=array([0. , 0.7]), rgb=array([255., 255., 255.]), text='default text', units='norm', win=Window(...), wrapWidth=2)
8.0879 	EXP 	Created question2_2 = TextStim(__class__=<class 'psychopy.visual.text.TextStim'>, alignHoriz='center', alignVert='center', antialias=True, autoLog=True, bold=False, color='white', colorSpace='named', contrast=1.0, depth=-2.0, flipHoriz=False, flipVert=False, font='Arial', fontFiles=[], height=0.08, italic=False, languageStyle='LTR', name='question2_2', opacity=1.0, ori=0, pos=array([0.  , 0.45]), rgb=array([255., 255., 255.]), text='default text', units='norm', win=Window(...), wrapWidth=2)
8.0907 	EXP 	Created question3_2 = TextStim(__class__=<class 'psychopy.visual.text.TextStim'>, alignHoriz='center', alignVert='center', antialias=True, autoLog=True, bold=False, color='white', colorSpace='named', contrast=1.0, depth=-3.0, flipHoriz=False, flipVert=False, font='Arial', fontFiles=[], height=0.08, italic=False, languageStyle='LTR', name='question3_2', opacity=1.0, ori=0, pos=array([0.  , 0.16]), rgb=array([255., 255., 255.]), text='default text', units='norm', win=Window(...), wrapWidth=2)
8.0936 	EXP 	Created question4_2 = TextStim(__class__=<class 'psychopy.visual.text.TextStim'>, alignHoriz='center', alignVert='center', antialias=True, autoLog=True, bold=False, color='white', colorSpace='named', contrast=1.0, depth=-4.0, flipHoriz=False, flipVert=False, font='Arial', fontFiles=[], height=0.08, italic=False, languageStyle='LTR', name='question4_2', opacity=1.0, ori=0, pos=array([ 0.  , -0.12]), rgb=array([255., 255., 255.]), text='default text', units='norm', win=Window(...), wrapWidth=2)
8.0965 	EXP 	Created question5_2 = TextStim(__class__=<class 'psychopy.visual.text.TextStim'>, alignHoriz='center', alignVert='center', antialias=True, autoLog=True, bold=False, color='white', colorSpace='named', contrast=1.0, depth=-5.0, flipHoriz=False, flipVert=False, font='Arial', fontFiles=[], height=0.08, italic=False, languageStyle='LTR', name='question5_2', opacity=1.0, ori=0, pos=array([ 0.  , -0.35]), rgb=array([255., 255., 255.]), text='default text', units='norm', win=Window(...), wrapWidth=2)
8.0993 	EXP 	Created question6_2 = TextStim(__class__=<class 'psychopy.visual.text.TextStim'>, alignHoriz='center', alignVert='center', antialias=True, autoLog=True, bold=False, color='white', colorSpace='named', contrast=1.0, depth=-6.0, flipHoriz=False, flipVert=False, font='Arial', fontFiles=[], height=0.08, italic=False, languageStyle='LTR', name='question6_2', opacity=1.0, ori=0, pos=array([ 0. , -0.6]), rgb=array([255., 255., 255.]), text='default text', units='norm', win=Window(...), wrapWidth=2)
8.1005 	EXP 	Created image_3 = ImageStim(__class__=<class 'psychopy.visual.image.ImageStim'>, autoLog=True, color=array([1., 1., 1.]), colorSpace='rgb', contrast=1.0, depth=-8.0, flipHoriz=False, flipVert=False, image='sin', interpolate=True, mask=None, maskParams=None, name='image_3', opacity=1.0, ori=0.0, pos=array([ 0.  , -0.85]), size=array([0.25 , 0.125]), texRes=128, units='norm', win=Window(...))
8.1042 	EXP 	Created text_3 = TextStim(__class__=<class 'psychopy.visual.text.TextStim'>, alignHoriz='center', alignVert='center', antialias=True, autoLog=True, bold=False, color='white', colorSpace='named', contrast=1.0, depth=0.0, flipHoriz=False, flipVert=False, font='Arial', fontFiles=[], height=0.1, italic=False, languageStyle='LTR', name='text_3', opacity=1.0, ori=0, pos=array([0., 0.]), rgb=array([255., 255., 255.]), text='Final Tests', units='norm', win=Window(...), wrapWidth=1)
8.1052 	EXP 	Created image_2 = ImageStim(__class__=<class 'psychopy.visual.image.ImageStim'>, autoLog=True, color=array([1., 1., 1.]), colorSpace='rgb', contrast=1.0, depth=0.0, flipHoriz=False, flipVert=False, image='sin', interpolate=True, mask=None, maskParams=None, name='image_2', opacity=1.0, ori=0.0, pos=array([0., 0.]), size=array([0.85, 0.75]), texRes=128, units='norm', win=Window(...))
8.1282 	EXP 	Created text_4 = TextStim(__class__=<class 'psychopy.visual.text.TextStim'>, alignHoriz='center', alignVert='center', antialias=True, autoLog=True, bold=False, color='white', colorSpace='named', contrast=1.0, depth=-2.0, flipHoriz=False, flipVert=False, font='Arial', fontFiles=[], height=0.15, italic=False, languageStyle='LTR', name='text_4', opacity=1.0, ori=0, pos=array([ 0. , -0.7]), rgb=array([255., 255., 255.]), text='default text', units='norm', win=Window(...), wrapWidth=1)
8.1311 	EXP 	Created question1_3 = TextStim(__class__=<class 'psychopy.visual.text.TextStim'>, alignHoriz='center', alignVert='center', antialias=True, autoLog=True, bold=False, color='white', colorSpace='named', contrast=1.0, depth=-1.0, flipHoriz=False, flipVert=False, font='Arial', fontFiles=[], height=0.08, italic=False, languageStyle='LTR', name='question1_3', opacity=1.0, ori=0, pos=array([0. , 0.7]), rgb=array([255., 255., 255.]), text='default text', units='norm', win=Window(...), wrapWidth=2)
8.1340 	EXP 	Created question2_3 = TextStim(__class__=<class 'psychopy.visual.text.TextStim'>, alignHoriz='center', alignVert='center', antialias=True, autoLog=True, bold=False, color='white', colorSpace='named', contrast=1.0, depth=-2.0, flipHoriz=False, flipVert=False, font='Arial', fontFiles=[], height=0.08, italic=False, languageStyle='LTR', name='question2_3', opacity=1.0, ori=0, pos=array([0.  , 0.45]), rgb=array([255., 255., 255.]), text='default text', units='norm', win=Window(...), wrapWidth=2)
8.1369 	EXP 	Created question3_3 = TextStim(__class__=<class 'psychopy.visual.text.TextStim'>, alignHoriz='center', alignVert='center', antialias=True, autoLog=True, bold=False, color='white', colorSpace='named', contrast=1.0, depth=-3.0, flipHoriz=False, flipVert=False, font='Arial', fontFiles=[], height=0.08, italic=False, languageStyle='LTR', name='question3_3', opacity=1.0, ori=0, pos=array([0.  , 0.16]), rgb=array([255., 255., 255.]), text='default text', units='norm', win=Window(...), wrapWidth=2)
8.1397 	EXP 	Created question4_3 = TextStim(__class__=<class 'psychopy.visual.text.TextStim'>, alignHoriz='center', alignVert='center', antialias=True, autoLog=True, bold=False, color='white', colorSpace='named', contrast=1.0, depth=-4.0, flipHoriz=False, flipVert=False, font='Arial', fontFiles=[], height=0.08, italic=False, languageStyle='LTR', name='question4_3', opacity=1.0, ori=0, pos=array([ 0.  , -0.12]), rgb=array([255., 255., 255.]), text='default text', units='norm', win=Window(...), wrapWidth=2)
8.1426 	EXP 	Created question5_3 = TextStim(__class__=<class 'psychopy.visual.text.TextStim'>, alignHoriz='center', alignVert='center', antialias=True, autoLog=True, bold=False, color='white', colorSpace='named', contrast=1.0, depth=-5.0, flipHoriz=False, flipVert=False, font='Arial', fontFiles=[], height=0.08, italic=False, languageStyle='LTR', name='question5_3', opacity=1.0, ori=0, pos=array([ 0.  , -0.35]), rgb=array([255., 255., 255.]), text='default text', units='norm', win=Window(...), wrapWidth=2)
8.1457 	EXP 	Created question6_3 = TextStim(__class__=<class 'psychopy.visual.text.TextStim'>, alignHoriz='center', alignVert='center', antialias=True, autoLog=True, bold=False, color='white', colorSpace='named', contrast=1.0, depth=-6.0, flipHoriz=False, flipVert=False, font='Arial', fontFiles=[], height=0.08, italic=False, languageStyle='LTR', name='question6_3', opacity=1.0, ori=0, pos=array([ 0. , -0.6]), rgb=array([255., 255., 255.]), text='default text', units='norm', win=Window(...), wrapWidth=2)
8.1467 	EXP 	Created image_4 = ImageStim(__class__=<class 'psychopy.visual.image.ImageStim'>, autoLog=True, color=array([1., 1., 1.]), colorSpace='rgb', contrast=1.0, depth=-8.0, flipHoriz=False, flipVert=False, image='sin', interpolate=True, mask=None, maskParams=None, name='image_4', opacity=1.0, ori=0.0, pos=array([ 0.  , -0.85]), size=array([0.25 , 0.125]), texRes=128, units='norm', win=Window(...))
8.1498 	EXP 	Created text_2 = TextStim(__class__=<class 'psychopy.visual.text.TextStim'>, alignHoriz='center', alignVert='center', antialias=True, autoLog=True, bold=False, color='white', colorSpace='named', contrast=1.0, depth=0.0, flipHoriz=False, flipVert=False, font='Arial', fontFiles=[], height=0.1, italic=False, languageStyle='LTR', name='text_2', opacity=1.0, ori=0, pos=array([0., 0.]), rgb=array([255., 255., 255.]), text='end of training', units='norm', win=Window(...), wrapWidth=1)
8.1670 	EXP 	Imported fmri_instruct1.xlsx as conditions, 5 conditions, 1 params
8.1671 	EXP 	Created sequence: sequential, trialTypes=5, nReps=1, seed=None
8.1673 	EXP 	New trial (rep=0, index=0): OrderedDict([('instruct_text', 'Welcome to the job simulator task! ')])
8.1961 	EXP 	text: text = 'Welcome to the job simulator task! '
8.1961 	EXP 	text: autoDraw = True
11.2968 	EXP 	New trial (rep=0, index=1): OrderedDict([('instruct_text', 'In this experiment you will listen to 12 short stories. ')])
11.3237 	DATA 	Keypress: space
11.3283 	EXP 	text: autoDraw = False
11.3283 	EXP 	text: text = 'In this experiment you will listen to 12 short stories. '
11.3283 	EXP 	text: autoDraw = True
14.6127 	EXP 	New trial (rep=0, index=2): OrderedDict([('instruct_text', 'During some of these stories, we will ask you to take on the perspective of a type of job. ')])
14.6242 	DATA 	Keypress: space
14.6450 	EXP 	text: autoDraw = False
14.6450 	EXP 	text: text = 'During some of these stories, we will ask you to take on the perspective of a type of job. '
14.6450 	EXP 	text: autoDraw = True
19.7119 	EXP 	New trial (rep=0, index=3): OrderedDict([('instruct_text', 'In other words, you should try to listen to the story from the perspective of that job. This is called “job simulation.”')])
19.7270 	DATA 	Keypress: space
19.7456 	EXP 	text: autoDraw = False
19.7456 	EXP 	text: text = 'In other words, you should try to listen to the story from the perspective of that job. This is called “job simulation.”'
19.7456 	EXP 	text: autoDraw = True
26.7639 	EXP 	New trial (rep=0, index=4): OrderedDict([('instruct_text', 'You will be told the job to simulate before each story. ')])
26.7766 	DATA 	Keypress: space
26.7957 	EXP 	text: autoDraw = False
26.7957 	EXP 	text: text = 'You will be told the job to simulate before each story. '
26.7957 	EXP 	text: autoDraw = True
30.3706 	EXP 	Imported fmri_instruct3.xlsx as conditions, 3 conditions, 1 params
30.3708 	EXP 	Created sequence: sequential, trialTypes=3, nReps=1, seed=None
30.3711 	EXP 	New trial (rep=0, index=0): OrderedDict([('instruct_text', 'Some stories, however, will not have any job assigned to them, and you can simply listen to the story.')])
30.3877 	DATA 	Keypress: space
30.3956 	EXP 	text: autoDraw = False
30.3956 	EXP 	text: text = 'Some stories, however, will not have any job assigned to them, and you can simply listen to the story.'
30.3956 	EXP 	text: autoDraw = True
36.7295 	EXP 	New trial (rep=0, index=1): OrderedDict([('instruct_text', 'In this part of the experiment outside of the scanner, we will introduce you to four perspectives you will be asked to take on.')])
36.7483 	DATA 	Keypress: space
36.7624 	EXP 	text: autoDraw = False
36.7624 	EXP 	text: text = 'In this part of the experiment outside of the scanner, we will introduce you to four perspectives you will be asked to take on.'
36.7624 	EXP 	text: autoDraw = True
44.4287 	EXP 	New trial (rep=0, index=2): OrderedDict([('instruct_text', "For each perspective, you'll also learn 4 questions associated with it to use when listening to a story.")])
44.4467 	DATA 	Keypress: space
44.4618 	EXP 	text: autoDraw = False
44.4618 	EXP 	text: text = "For each perspective, you'll also learn 4 questions associated with it to use when listening to a story."
44.4618 	EXP 	text: autoDraw = True
51.4031 	EXP 	Imported fmri_instruct4.xlsx as conditions, 2 conditions, 1 params
51.4034 	EXP 	Created sequence: sequential, trialTypes=2, nReps=1, seed=None
51.4036 	EXP 	New trial (rep=0, index=0): OrderedDict([('instruct_text', 'We encourage you to keep these questions in mind while listening to the story and simulating the associated perspective.')])
51.4216 	DATA 	Keypress: space
51.4283 	EXP 	text: autoDraw = False
51.4283 	EXP 	text: text = 'We encourage you to keep these questions in mind while listening to the story and simulating the associated perspective.'
51.4283 	EXP 	text: autoDraw = True
58.4790 	EXP 	New trial (rep=0, index=1): OrderedDict([('instruct_text', 'When you are in the scanner, you will listen to the 12 short stories.')])
58.4916 	DATA 	Keypress: space
58.5114 	EXP 	text: autoDraw = False
58.5114 	EXP 	text: text = 'When you are in the scanner, you will listen to the 12 short stories.'
58.5114 	EXP 	text: autoDraw = True
62.1861 	DATA 	Keypress: space
62.1947 	EXP 	text: autoDraw = False
62.1947 	EXP 	text_12: autoDraw = True
62.1947 	EXP 	image_11: autoDraw = True
71.7561 	EXP 	Imported fmri_instruct5.xlsx as conditions, 6 conditions, 1 params
71.7564 	EXP 	Created sequence: sequential, trialTypes=6, nReps=1, seed=None
71.7567 	EXP 	New trial (rep=0, index=0): OrderedDict([('instruct_text', 'Before listening to each story, you may be assigned one of the perspectives to take on while listening to it.')])
71.7750 	DATA 	Keypress: space
71.7951 	EXP 	text_12: autoDraw = False
71.7951 	EXP 	image_11: autoDraw = False
71.7951 	EXP 	text: text = 'Before listening to each story, you may be assigned one of the perspectives to take on while listening to it.'
71.7951 	EXP 	text: autoDraw = True
77.8622 	EXP 	New trial (rep=0, index=1): OrderedDict([('instruct_text', 'If a perspective is assigned, you’ll be quizzed on the 4 questions associated with it before listening.')])
77.8793 	DATA 	Keypress: space
77.8952 	EXP 	text: autoDraw = False
77.8952 	EXP 	text: text = 'If a perspective is assigned, you’ll be quizzed on the 4 questions associated with it before listening.'
77.8952 	EXP 	text: autoDraw = True
83.9292 	EXP 	New trial (rep=0, index=2): OrderedDict([('instruct_text', 'You must pass this quiz to move on to the story.')])
83.9410 	DATA 	Keypress: space
83.9612 	EXP 	text: autoDraw = False
83.9612 	EXP 	text: text = 'You must pass this quiz to move on to the story.'
83.9612 	EXP 	text: autoDraw = True
87.5292 	EXP 	New trial (rep=0, index=3): OrderedDict([('instruct_text', 'There will be additional tasks after the story listening, but we will explain them when we come to them.')])
87.5458 	DATA 	Keypress: space
87.5609 	EXP 	text: autoDraw = False
87.5609 	EXP 	text: text = 'There will be additional tasks after the story listening, but we will explain them when we come to them.'
87.5609 	EXP 	text: autoDraw = True
94.7617 	EXP 	New trial (rep=0, index=4): OrderedDict([('instruct_text', 'Are you ready to begin the training on the perspectives?')])
94.7746 	DATA 	Keypress: space
94.7943 	EXP 	text: autoDraw = False
94.7943 	EXP 	text: text = 'Are you ready to begin the training on the perspectives?'
94.7943 	EXP 	text: autoDraw = True
98.4633 	EXP 	New trial (rep=0, index=5): OrderedDict([('instruct_text', 'The four perspectives are as follows:')])
98.4734 	DATA 	Keypress: space
98.4947 	EXP 	text: autoDraw = False
98.4947 	EXP 	text: text = 'The four perspectives are as follows:'
98.4947 	EXP 	text: autoDraw = True
100.4205 	EXP 	Imported count_0123.xlsx as conditions, 4 conditions, 1 params
100.4219 	EXP 	Created sequence: random, trialTypes=4, nReps=1, seed=None
100.4223 	EXP 	New trial (rep=0, index=0): OrderedDict([('count', 2)])
100.4309 	EXP 	Imported intro_roles/l0.xlsx as conditions, 1 conditions, 8 params
100.4311 	EXP 	Created sequence: sequential, trialTypes=1, nReps=1, seed=None
100.4315 	EXP 	New trial (rep=0, index=0): OrderedDict([('Q1', 'How is the restaurant decorated?'), ('Q2', 'What are the menus like?'), ('Q3', 'What does each client order?\n'), ('Q4', 'How do the clients like the food?'), ('D1', 'How is the restaurant supplied?'), ('D2', 'How do the clients like the chairs?'), ('roleName', 'Restaurant Critic'), ('rolePic', 'jobphotos/restaurant_critic.jpg')])
100.4603 	DATA 	Keypress: space
100.4786 	EXP 	text: autoDraw = False
100.4786 	EXP 	image_12: image = 'jobphotos/restaurant_critic.jpg'
100.4786 	EXP 	text_17: text = 'Restaurant Critic'
100.4786 	EXP 	image_12: autoDraw = True
100.4786 	EXP 	text_17: autoDraw = True
102.3126 	EXP 	New trial (rep=0, index=1): OrderedDict([('count', 0)])
102.3642 	EXP 	Imported intro_roles/s1.xlsx as conditions, 1 conditions, 8 params
102.3645 	EXP 	Created sequence: sequential, trialTypes=1, nReps=1, seed=None
102.3649 	EXP 	New trial (rep=0, index=0): OrderedDict([('Q1', 'For how long has the couple been dating?'), ('Q2', 'How many diamonds are on the ring, and what is the diamond color?'), ('Q3', 'In/on what item is the ring presented?\n'), ('Q4', 'Who does the new fiancee text first?\n'), ('D1', 'For how long has the couple known the other was going to propose?'), ('D2', 'Who does the new fiancee hug first?'), ('roleName', 'Wedding Planner'), ('rolePic', 'jobphotos/weddingplanner.jpg')])
102.3962 	DATA 	Keypress: space
102.4117 	EXP 	image_12: autoDraw = False
102.4117 	EXP 	text_17: autoDraw = False
102.4117 	EXP 	image_12: image = 'jobphotos/weddingplanner.jpg'
102.4117 	EXP 	text_17: text = 'Wedding Planner'
102.4117 	EXP 	image_12: autoDraw = True
102.4117 	EXP 	text_17: autoDraw = True
104.1963 	EXP 	New trial (rep=0, index=2): OrderedDict([('count', 3)])
104.2065 	EXP 	Imported intro_roles/l2.xlsx as conditions, 1 conditions, 8 params
104.2068 	EXP 	Created sequence: sequential, trialTypes=1, nReps=1, seed=None
104.2072 	EXP 	New trial (rep=0, index=0): OrderedDict([('Q1', 'What is the grocery store like upon entering?\n'), ('Q2', 'What items do the clients pick out to buy?'), ('Q3', 'How many checkout lanes are open, and which one do the clients step into?\n'), ('Q4', 'How much are the groceries, and what method of payment do the clients use?\n'), ('D1', 'What is the grocery store like when the clients leave?'), ('D2', 'How many checkout lanes are closed, and which one do the clients step into?'), ('roleName', 'Grocery Store Customer Experience Manager\n'), ('rolePic', 'jobphotos/gscem.jpg')])
104.2442 	DATA 	Keypress: space
104.2619 	EXP 	image_12: autoDraw = False
104.2619 	EXP 	text_17: autoDraw = False
104.2619 	EXP 	image_12: image = 'jobphotos/gscem.jpg'
104.2619 	EXP 	text_17: text = 'Grocery Store Customer Experience Manager\n'
104.2619 	EXP 	image_12: autoDraw = True
104.2619 	EXP 	text_17: autoDraw = True
107.8645 	EXP 	New trial (rep=0, index=3): OrderedDict([('count', 1)])
107.8751 	EXP 	Imported intro_roles/s3.xlsx as conditions, 1 conditions, 8 params
107.8753 	EXP 	Created sequence: sequential, trialTypes=1, nReps=1, seed=None
107.8757 	EXP 	New trial (rep=0, index=0): OrderedDict([('Q1', 'What object is the initiator of the interaction holding when he/she first notices the other person?'), ('Q2', 'What is the initial question that begins the conversation between the couple?'), ('Q3', 'When will be the next time the couple meets and for what occasion?'), ('Q4', 'What time is it when the couple parts?\n'), ('D1', 'What is the initial question that ends the conversation between the couple?'), ('D2', 'What object is the initiator of the interaction holding when he/she leaves the other person?'), ('roleName', 'Matchmaker'), ('rolePic', 'jobphotos/matchmaker.jpg')])
107.9033 	DATA 	Keypress: space
107.9110 	EXP 	image_12: autoDraw = False
107.9110 	EXP 	text_17: autoDraw = False
107.9110 	EXP 	image_12: image = 'jobphotos/matchmaker.jpg'
107.9110 	EXP 	text_17: text = 'Matchmaker'
107.9110 	EXP 	image_12: autoDraw = True
107.9110 	EXP 	text_17: autoDraw = True
109.9725 	EXP 	Imported fmri_instruct6.xlsx as conditions, 7 conditions, 1 params
109.9728 	EXP 	Created sequence: sequential, trialTypes=7, nReps=1, seed=None
109.9730 	EXP 	New trial (rep=0, index=0): OrderedDict([('instruct_text', 'You’ll become acquainted with them more in learning the 4 questions associated with each perspective.')])
109.9901 	DATA 	Keypress: space
110.0112 	EXP 	image_12: autoDraw = False
110.0112 	EXP 	text_17: autoDraw = False
110.0112 	EXP 	text: text = 'You’ll become acquainted with them more in learning the 4 questions associated with each perspective.'
110.0112 	EXP 	text: autoDraw = True
115.6300 	EXP 	New trial (rep=0, index=1): OrderedDict([('instruct_text', "For each perspective, you'll go through all four questions in a sequence.")])
115.6435 	DATA 	Keypress: space
115.6612 	EXP 	text: autoDraw = False
115.6612 	EXP 	text: text = "For each perspective, you'll go through all four questions in a sequence."
115.6612 	EXP 	text: autoDraw = True
120.9452 	EXP 	New trial (rep=0, index=2): OrderedDict([('instruct_text', "Then you'll be presented with a quiz and have to indicate which questions you saw in the order in which they appeared in the sequence.")])
120.9656 	DATA 	Keypress: space
120.9777 	EXP 	text: autoDraw = False
120.9777 	EXP 	text: text = "Then you'll be presented with a quiz and have to indicate which questions you saw in the order in which they appeared in the sequence."
120.9777 	EXP 	text: autoDraw = True
129.3454 	EXP 	New trial (rep=0, index=3): OrderedDict([('instruct_text', "You'll indicate the question you select by pressing the number key corresponding to the number in front of the question.")])
129.3638 	DATA 	Keypress: space
129.3776 	EXP 	text: autoDraw = False
129.3776 	EXP 	text: text = "You'll indicate the question you select by pressing the number key corresponding to the number in front of the question."
129.3776 	EXP 	text: autoDraw = True
143.4940 	EXP 	New trial (rep=0, index=4): OrderedDict([('instruct_text', "If you make the wrong selection, you'll get the 4 questions presented in the correct order again and restart the quiz.")])
143.5118 	DATA 	Keypress: space
143.5276 	EXP 	text: autoDraw = False
143.5276 	EXP 	text: text = "If you make the wrong selection, you'll get the 4 questions presented in the correct order again and restart the quiz."
143.5276 	EXP 	text: autoDraw = True
150.6284 	EXP 	New trial (rep=0, index=5): OrderedDict([('instruct_text', "After you've passed the quizzes for each perspective, you'll do all of them a final time, but without seeing the correct order of the questions beforehand.")])
150.6497 	DATA 	Keypress: space
150.6602 	EXP 	text: autoDraw = False
150.6602 	EXP 	text: text = "After you've passed the quizzes for each perspective, you'll do all of them a final time, but without seeing the correct order of the questions beforehand."
150.6602 	EXP 	text: autoDraw = True
158.6955 	EXP 	New trial (rep=0, index=6): OrderedDict([('instruct_text', 'Press space to begin!')])
158.7042 	DATA 	Keypress: space
158.7097 	EXP 	text: autoDraw = False
158.7097 	EXP 	text: text = 'Press space to begin!'
158.7097 	EXP 	text: autoDraw = True
160.6825 	EXP 	Imported count_0123.xlsx as conditions, 4 conditions, 1 params
160.6828 	EXP 	Created sequence: random, trialTypes=4, nReps=1, seed=None
160.6831 	EXP 	New trial (rep=0, index=0): OrderedDict([('count', 0)])
160.6894 	EXP 	Imported intro_roles/s1.xlsx as conditions, 1 conditions, 8 params
160.6896 	EXP 	Created sequence: sequential, trialTypes=1, nReps=30, seed=None
160.6902 	EXP 	New trial (rep=0, index=0): OrderedDict([('Q1', 'For how long has the couple been dating?'), ('Q2', 'How many diamonds are on the ring, and what is the diamond color?'), ('Q3', 'In/on what item is the ring presented?\n'), ('Q4', 'Who does the new fiancee text first?\n'), ('D1', 'For how long has the couple known the other was going to propose?'), ('D2', 'Who does the new fiancee hug first?'), ('roleName', 'Wedding Planner'), ('rolePic', 'jobphotos/weddingplanner.jpg')])
160.7128 	DATA 	Keypress: space
160.7272 	EXP 	text: autoDraw = False
160.7272 	EXP 	text_18: text = 'Wedding Planner'
160.7272 	EXP 	image_9: image = 'jobphotos/weddingplanner.jpg'
160.7272 	EXP 	text_18: autoDraw = True
160.7272 	EXP 	image_9: autoDraw = True
169.4782 	DATA 	Keypress: space
169.4942 	EXP 	text_18: autoDraw = False
169.4942 	EXP 	image_9: autoDraw = False
169.4942 	EXP 	text_8: text = 'A: For how long has the couple been dating?'
169.4942 	EXP 	text_9: text = 'Wedding Planner'
169.4942 	EXP 	image_5: image = 'jobphotos/weddingplanner.jpg'
169.4942 	EXP 	text_8: autoDraw = True
169.4942 	EXP 	text_9: autoDraw = True
169.4942 	EXP 	image_5: autoDraw = True
174.8487 	DATA 	Keypress: space
174.8612 	EXP 	text_8: autoDraw = False
174.8612 	EXP 	text_9: autoDraw = False
174.8612 	EXP 	image_5: autoDraw = False
174.8612 	EXP 	text_10: text = 'B: How many diamonds are on the ring, and what is the diamond color?'
174.8612 	EXP 	text_11: text = 'Wedding Planner'
174.8612 	EXP 	image_6: image = 'jobphotos/weddingplanner.jpg'
174.8612 	EXP 	text_10: autoDraw = True
174.8612 	EXP 	text_11: autoDraw = True
174.8612 	EXP 	image_6: autoDraw = True
181.5861 	DATA 	Keypress: space
181.5933 	EXP 	text_10: autoDraw = False
181.5933 	EXP 	text_11: autoDraw = False
181.5933 	EXP 	image_6: autoDraw = False
181.5933 	EXP 	text_13: text = 'C: In/on what item is the ring presented?\n'
181.5933 	EXP 	text_14: text = 'Wedding Planner'
181.5933 	EXP 	image_7: image = 'jobphotos/weddingplanner.jpg'
181.5933 	EXP 	text_13: autoDraw = True
181.5933 	EXP 	text_14: autoDraw = True
181.5933 	EXP 	image_7: autoDraw = True
194.4102 	DATA 	Keypress: space
194.4279 	EXP 	text_13: autoDraw = False
194.4279 	EXP 	text_14: autoDraw = False
194.4279 	EXP 	image_7: autoDraw = False
194.4279 	EXP 	text_15: text = 'D: Who does the new fiancee text first?\n'
194.4279 	EXP 	text_16: text = 'Wedding Planner'
194.4279 	EXP 	image_8: image = 'jobphotos/weddingplanner.jpg'
194.4279 	EXP 	text_15: autoDraw = True
194.4279 	EXP 	text_16: autoDraw = True
194.4279 	EXP 	image_8: autoDraw = True
201.8797 	DATA 	Keypress: space
201.9091 	EXP 	text_15: autoDraw = False
201.9091 	EXP 	text_16: autoDraw = False
201.9091 	EXP 	image_8: autoDraw = False
201.9091 	EXP 	text_5: autoDraw = True
205.5191 	EXP 	Created unnamed ImageStim = ImageStim(__class__=<class 'psychopy.visual.image.ImageStim'>, autoLog=True, color=array([1., 1., 1.]), colorSpace='rgb', contrast=1.0, depth=0, flipHoriz=False, flipVert=False, image='icon/checkmark.png', interpolate=False, mask=None, maskParams=None, name='unnamed ImageStim', opacity=1.0, ori=0.0, pos=array([0., 0.]), size=array([0.41190476, 0.64761905]), texRes=128, units='norm', win=Window(...))
205.5253 	EXP 	Created unnamed ImageStim = ImageStim(__class__=<class 'psychopy.visual.image.ImageStim'>, autoLog=True, color=array([1., 1., 1.]), colorSpace='rgb', contrast=1.0, depth=0, flipHoriz=False, flipVert=False, image='icon/redx.png', interpolate=False, mask=None, maskParams=None, name='unnamed ImageStim', opacity=1.0, ori=0.0, pos=array([0., 0.]), size=array([0.42857143, 0.68571429]), texRes=128, units='norm', win=Window(...))
205.5398 	EXP 	Created unnamed ImageStim = ImageStim(__class__=<class 'psychopy.visual.image.ImageStim'>, autoLog=True, color=array([1., 1., 1.]), colorSpace='rgb', contrast=1.0, depth=0, flipHoriz=False, flipVert=False, image='icon/thumbsup.png', interpolate=False, mask=None, maskParams=None, name='unnamed ImageStim', opacity=1.0, ori=0.0, pos=array([0., 0.]), size=array([0.57142857, 0.97714286]), texRes=128, units='norm', win=Window(...))
205.5848 	DATA 	Keypress: space
205.6272 	EXP 	text_5: autoDraw = False
205.6272 	EXP 	question1_2: text = '1: Who does the new fiancee text first?\n'
205.6272 	EXP 	question2_2: text = '2: Who does the new fiancee hug first?'
205.6272 	EXP 	question3_2: text = '3: For how long has the couple known the other was going to propose?'
205.6272 	EXP 	question4_2: text = '4: For how long has the couple been dating?'
205.6272 	EXP 	question5_2: text = '5: How many diamonds are on the ring, and what is the diamond color?'
205.6272 	EXP 	question6_2: text = '6: In/on what item is the ring presented?\n'
205.6272 	EXP 	question1_2: autoDraw = True
205.6272 	EXP 	question2_2: autoDraw = True
205.6272 	EXP 	question3_2: autoDraw = True
205.6272 	EXP 	question4_2: autoDraw = True
205.6272 	EXP 	question5_2: autoDraw = True
205.6272 	EXP 	question6_2: autoDraw = True
205.6272 	EXP 	image_3: autoDraw = True
218.5368 	DATA 	Keypress: 4
236.3546 	DATA 	Keypress: 5
249.3247 	DATA 	Keypress: 6
259.5455 	DATA 	Keypress: 1
261.3012 	EXP 	New trial (rep=0, index=1): OrderedDict([('count', 3)])
261.3216 	EXP 	Imported intro_roles/l2.xlsx as conditions, 1 conditions, 8 params
261.3217 	EXP 	Created sequence: sequential, trialTypes=1, nReps=30, seed=None
261.3274 	EXP 	New trial (rep=0, index=0): OrderedDict([('Q1', 'What is the grocery store like upon entering?\n'), ('Q2', 'What items do the clients pick out to buy?'), ('Q3', 'How many checkout lanes are open, and which one do the clients step into?\n'), ('Q4', 'How much are the groceries, and what method of payment do the clients use?\n'), ('D1', 'What is the grocery store like when the clients leave?'), ('D2', 'How many checkout lanes are closed, and which one do the clients step into?'), ('roleName', 'Grocery Store Customer Experience Manager\n'), ('rolePic', 'jobphotos/gscem.jpg')])
261.3598 	EXP 	question1_2: autoDraw = False
261.3598 	EXP 	question2_2: autoDraw = False
261.3598 	EXP 	question3_2: autoDraw = False
261.3598 	EXP 	question4_2: autoDraw = False
261.3598 	EXP 	question5_2: autoDraw = False
261.3598 	EXP 	question6_2: autoDraw = False
261.3598 	EXP 	image_3: autoDraw = False
261.3598 	EXP 	text_18: text = 'Grocery Store Customer Experience Manager\n'
261.3598 	EXP 	image_9: image = 'jobphotos/gscem.jpg'
261.3598 	EXP 	text_18: autoDraw = True
261.3598 	EXP 	image_9: autoDraw = True
265.5143 	DATA 	Keypress: space
265.5262 	EXP 	text_18: autoDraw = False
265.5262 	EXP 	image_9: autoDraw = False
265.5262 	EXP 	text_8: text = 'A: What is the grocery store like upon entering?\n'
265.5262 	EXP 	text_9: text = 'Grocery Store Customer Experience Manager\n'
265.5262 	EXP 	image_5: image = 'jobphotos/gscem.jpg'
265.5262 	EXP 	text_8: autoDraw = True
265.5262 	EXP 	text_9: autoDraw = True
265.5262 	EXP 	image_5: autoDraw = True
273.9485 	DATA 	Keypress: space
273.9595 	EXP 	text_8: autoDraw = False
273.9595 	EXP 	text_9: autoDraw = False
273.9595 	EXP 	image_5: autoDraw = False
273.9595 	EXP 	text_10: text = 'B: What items do the clients pick out to buy?'
273.9595 	EXP 	text_11: text = 'Grocery Store Customer Experience Manager\n'
273.9595 	EXP 	image_6: image = 'jobphotos/gscem.jpg'
273.9595 	EXP 	text_10: autoDraw = True
273.9595 	EXP 	text_11: autoDraw = True
273.9595 	EXP 	image_6: autoDraw = True
281.0177 	DATA 	Keypress: space
281.0257 	EXP 	text_10: autoDraw = False
281.0257 	EXP 	text_11: autoDraw = False
281.0257 	EXP 	image_6: autoDraw = False
281.0257 	EXP 	text_13: text = 'C: How many checkout lanes are open, and which one do the clients step into?\n'
281.0257 	EXP 	text_14: text = 'Grocery Store Customer Experience Manager\n'
281.0257 	EXP 	image_7: image = 'jobphotos/gscem.jpg'
281.0257 	EXP 	text_13: autoDraw = True
281.0257 	EXP 	text_14: autoDraw = True
281.0257 	EXP 	image_7: autoDraw = True
287.2728 	DATA 	Keypress: space
287.2937 	EXP 	text_13: autoDraw = False
287.2937 	EXP 	text_14: autoDraw = False
287.2937 	EXP 	image_7: autoDraw = False
287.2937 	EXP 	text_15: text = 'D: How much are the groceries, and what method of payment do the clients use?\n'
287.2937 	EXP 	text_16: text = 'Grocery Store Customer Experience Manager\n'
287.2937 	EXP 	image_8: image = 'jobphotos/gscem.jpg'
287.2937 	EXP 	text_15: autoDraw = True
287.2937 	EXP 	text_16: autoDraw = True
287.2937 	EXP 	image_8: autoDraw = True
292.9800 	DATA 	Keypress: space
292.9913 	EXP 	text_15: autoDraw = False
292.9913 	EXP 	text_16: autoDraw = False
292.9913 	EXP 	image_8: autoDraw = False
292.9913 	EXP 	text_5: autoDraw = True
293.7668 	EXP 	Created unnamed ImageStim = ImageStim(__class__=<class 'psychopy.visual.image.ImageStim'>, autoLog=True, color=array([1., 1., 1.]), colorSpace='rgb', contrast=1.0, depth=0, flipHoriz=False, flipVert=False, image='icon/checkmark.png', interpolate=False, mask=None, maskParams=None, name='unnamed ImageStim', opacity=1.0, ori=0.0, pos=array([0., 0.]), size=array([0.41190476, 0.64761905]), texRes=128, units='norm', win=Window(...))
293.7717 	EXP 	Created unnamed ImageStim = ImageStim(__class__=<class 'psychopy.visual.image.ImageStim'>, autoLog=True, color=array([1., 1., 1.]), colorSpace='rgb', contrast=1.0, depth=0, flipHoriz=False, flipVert=False, image='icon/redx.png', interpolate=False, mask=None, maskParams=None, name='unnamed ImageStim', opacity=1.0, ori=0.0, pos=array([0., 0.]), size=array([0.42857143, 0.68571429]), texRes=128, units='norm', win=Window(...))
293.7852 	EXP 	Created unnamed ImageStim = ImageStim(__class__=<class 'psychopy.visual.image.ImageStim'>, autoLog=True, color=array([1., 1., 1.]), colorSpace='rgb', contrast=1.0, depth=0, flipHoriz=False, flipVert=False, image='icon/thumbsup.png', interpolate=False, mask=None, maskParams=None, name='unnamed ImageStim', opacity=1.0, ori=0.0, pos=array([0., 0.]), size=array([0.57142857, 0.97714286]), texRes=128, units='norm', win=Window(...))
293.8261 	DATA 	Keypress: space
293.8586 	EXP 	text_5: autoDraw = False
293.8586 	EXP 	question1_2: text = '1: How many checkout lanes are closed, and which one do the clients step into?'
293.8586 	EXP 	question2_2: text = '2: What is the grocery store like when the clients leave?'
293.8586 	EXP 	question3_2: text = '3: How many checkout lanes are open, and which one do the clients step into?\n'
293.8586 	EXP 	question4_2: text = '4: How much are the groceries, and what method of payment do the clients use?\n'
293.8586 	EXP 	question5_2: text = '5: What is the grocery store like upon entering?\n'
293.8586 	EXP 	question6_2: text = '6: What items do the clients pick out to buy?'
293.8586 	EXP 	question1_2: autoDraw = True
293.8586 	EXP 	question2_2: autoDraw = True
293.8586 	EXP 	question3_2: autoDraw = True
293.8586 	EXP 	question4_2: autoDraw = True
293.8586 	EXP 	question5_2: autoDraw = True
293.8586 	EXP 	question6_2: autoDraw = True
293.8586 	EXP 	image_3: autoDraw = True
297.5712 	DATA 	Keypress: 5
304.0679 	DATA 	Keypress: 6
311.5862 	DATA 	Keypress: 3
320.9683 	DATA 	Keypress: 4
322.7161 	EXP 	New trial (rep=0, index=2): OrderedDict([('count', 2)])
322.7363 	EXP 	Imported intro_roles/l0.xlsx as conditions, 1 conditions, 8 params
322.7364 	EXP 	Created sequence: sequential, trialTypes=1, nReps=30, seed=None
322.7369 	EXP 	New trial (rep=0, index=0): OrderedDict([('Q1', 'How is the restaurant decorated?'), ('Q2', 'What are the menus like?'), ('Q3', 'What does each client order?\n'), ('Q4', 'How do the clients like the food?'), ('D1', 'How is the restaurant supplied?'), ('D2', 'How do the clients like the chairs?'), ('roleName', 'Restaurant Critic'), ('rolePic', 'jobphotos/restaurant_critic.jpg')])
322.7583 	EXP 	question1_2: autoDraw = False
322.7583 	EXP 	question2_2: autoDraw = False
322.7583 	EXP 	question3_2: autoDraw = False
322.7583 	EXP 	question4_2: autoDraw = False
322.7583 	EXP 	question5_2: autoDraw = False
322.7583 	EXP 	question6_2: autoDraw = False
322.7583 	EXP 	image_3: autoDraw = False
322.7583 	EXP 	text_18: text = 'Restaurant Critic'
322.7583 	EXP 	image_9: image = 'jobphotos/restaurant_critic.jpg'
322.7583 	EXP 	text_18: autoDraw = True
322.7583 	EXP 	image_9: autoDraw = True
331.4917 	DATA 	Keypress: space
331.5092 	EXP 	text_18: autoDraw = False
331.5092 	EXP 	image_9: autoDraw = False
331.5092 	EXP 	text_8: text = 'A: How is the restaurant decorated?'
331.5092 	EXP 	text_9: text = 'Restaurant Critic'
331.5092 	EXP 	image_5: image = 'jobphotos/restaurant_critic.jpg'
331.5092 	EXP 	text_8: autoDraw = True
331.5092 	EXP 	text_9: autoDraw = True
331.5092 	EXP 	image_5: autoDraw = True
339.8247 	DATA 	Keypress: space
339.8426 	EXP 	text_8: autoDraw = False
339.8426 	EXP 	text_9: autoDraw = False
339.8426 	EXP 	image_5: autoDraw = False
339.8426 	EXP 	text_10: text = 'B: What are the menus like?'
339.8426 	EXP 	text_11: text = 'Restaurant Critic'
339.8426 	EXP 	image_6: image = 'jobphotos/restaurant_critic.jpg'
339.8426 	EXP 	text_10: autoDraw = True
339.8426 	EXP 	text_11: autoDraw = True
339.8426 	EXP 	image_6: autoDraw = True
346.1454 	DATA 	Keypress: space
346.2092 	EXP 	text_10: autoDraw = False
346.2092 	EXP 	text_11: autoDraw = False
346.2092 	EXP 	image_6: autoDraw = False
346.2092 	EXP 	text_13: text = 'C: What does each client order?\n'
346.2092 	EXP 	text_14: text = 'Restaurant Critic'
346.2092 	EXP 	image_7: image = 'jobphotos/restaurant_critic.jpg'
346.2092 	EXP 	text_13: autoDraw = True
346.2092 	EXP 	text_14: autoDraw = True
346.2092 	EXP 	image_7: autoDraw = True
352.5913 	DATA 	Keypress: space
352.6084 	EXP 	text_13: autoDraw = False
352.6084 	EXP 	text_14: autoDraw = False
352.6084 	EXP 	image_7: autoDraw = False
352.6084 	EXP 	text_15: text = 'D: How do the clients like the food?'
352.6084 	EXP 	text_16: text = 'Restaurant Critic'
352.6084 	EXP 	image_8: image = 'jobphotos/restaurant_critic.jpg'
352.6084 	EXP 	text_15: autoDraw = True
352.6084 	EXP 	text_16: autoDraw = True
352.6084 	EXP 	image_8: autoDraw = True
355.6803 	DATA 	Keypress: space
355.6908 	EXP 	text_15: autoDraw = False
355.6908 	EXP 	text_16: autoDraw = False
355.6908 	EXP 	image_8: autoDraw = False
355.6908 	EXP 	text_5: autoDraw = True
356.5169 	EXP 	Created unnamed ImageStim = ImageStim(__class__=<class 'psychopy.visual.image.ImageStim'>, autoLog=True, color=array([1., 1., 1.]), colorSpace='rgb', contrast=1.0, depth=0, flipHoriz=False, flipVert=False, image='icon/checkmark.png', interpolate=False, mask=None, maskParams=None, name='unnamed ImageStim', opacity=1.0, ori=0.0, pos=array([0., 0.]), size=array([0.41190476, 0.64761905]), texRes=128, units='norm', win=Window(...))
356.5219 	EXP 	Created unnamed ImageStim = ImageStim(__class__=<class 'psychopy.visual.image.ImageStim'>, autoLog=True, color=array([1., 1., 1.]), colorSpace='rgb', contrast=1.0, depth=0, flipHoriz=False, flipVert=False, image='icon/redx.png', interpolate=False, mask=None, maskParams=None, name='unnamed ImageStim', opacity=1.0, ori=0.0, pos=array([0., 0.]), size=array([0.42857143, 0.68571429]), texRes=128, units='norm', win=Window(...))
356.5351 	EXP 	Created unnamed ImageStim = ImageStim(__class__=<class 'psychopy.visual.image.ImageStim'>, autoLog=True, color=array([1., 1., 1.]), colorSpace='rgb', contrast=1.0, depth=0, flipHoriz=False, flipVert=False, image='icon/thumbsup.png', interpolate=False, mask=None, maskParams=None, name='unnamed ImageStim', opacity=1.0, ori=0.0, pos=array([0., 0.]), size=array([0.57142857, 0.97714286]), texRes=128, units='norm', win=Window(...))
356.5657 	DATA 	Keypress: space
356.6088 	EXP 	text_5: autoDraw = False
356.6088 	EXP 	question1_2: text = '1: How is the restaurant decorated?'
356.6088 	EXP 	question2_2: text = '2: How do the clients like the chairs?'
356.6088 	EXP 	question3_2: text = '3: What are the menus like?'
356.6088 	EXP 	question4_2: text = '4: How is the restaurant supplied?'
356.6088 	EXP 	question5_2: text = '5: How do the clients like the food?'
356.6088 	EXP 	question6_2: text = '6: What does each client order?\n'
356.6088 	EXP 	question1_2: autoDraw = True
356.6088 	EXP 	question2_2: autoDraw = True
356.6088 	EXP 	question3_2: autoDraw = True
356.6088 	EXP 	question4_2: autoDraw = True
356.6088 	EXP 	question5_2: autoDraw = True
356.6088 	EXP 	question6_2: autoDraw = True
356.6088 	EXP 	image_3: autoDraw = True
361.0692 	DATA 	Keypress: 1
369.4363 	DATA 	Keypress: 3
375.0434 	DATA 	Keypress: 6
381.8862 	DATA 	Keypress: 5
383.6333 	EXP 	New trial (rep=0, index=3): OrderedDict([('count', 1)])
383.6481 	EXP 	Imported intro_roles/s3.xlsx as conditions, 1 conditions, 8 params
383.6483 	EXP 	Created sequence: sequential, trialTypes=1, nReps=30, seed=None
383.6488 	EXP 	New trial (rep=0, index=0): OrderedDict([('Q1', 'What object is the initiator of the interaction holding when he/she first notices the other person?'), ('Q2', 'What is the initial question that begins the conversation between the couple?'), ('Q3', 'When will be the next time the couple meets and for what occasion?'), ('Q4', 'What time is it when the couple parts?\n'), ('D1', 'What is the initial question that ends the conversation between the couple?'), ('D2', 'What object is the initiator of the interaction holding when he/she leaves the other person?'), ('roleName', 'Matchmaker'), ('rolePic', 'jobphotos/matchmaker.jpg')])
383.6744 	EXP 	question1_2: autoDraw = False
383.6744 	EXP 	question2_2: autoDraw = False
383.6744 	EXP 	question3_2: autoDraw = False
383.6744 	EXP 	question4_2: autoDraw = False
383.6744 	EXP 	question5_2: autoDraw = False
383.6744 	EXP 	question6_2: autoDraw = False
383.6744 	EXP 	image_3: autoDraw = False
383.6744 	EXP 	text_18: text = 'Matchmaker'
383.6744 	EXP 	image_9: image = 'jobphotos/matchmaker.jpg'
383.6744 	EXP 	text_18: autoDraw = True
383.6744 	EXP 	image_9: autoDraw = True
385.4707 	DATA 	Keypress: space
385.4919 	EXP 	text_18: autoDraw = False
385.4919 	EXP 	image_9: autoDraw = False
385.4919 	EXP 	text_8: text = 'A: What object is the initiator of the interaction holding when he/she first notices the other person?'
385.4919 	EXP 	text_9: text = 'Matchmaker'
385.4919 	EXP 	image_5: image = 'jobphotos/matchmaker.jpg'
385.4919 	EXP 	text_8: autoDraw = True
385.4919 	EXP 	text_9: autoDraw = True
385.4919 	EXP 	image_5: autoDraw = True
406.9495 	DATA 	Keypress: space
406.9575 	EXP 	text_8: autoDraw = False
406.9575 	EXP 	text_9: autoDraw = False
406.9575 	EXP 	image_5: autoDraw = False
406.9575 	EXP 	text_10: text = 'B: What is the initial question that begins the conversation between the couple?'
406.9575 	EXP 	text_11: text = 'Matchmaker'
406.9575 	EXP 	image_6: image = 'jobphotos/matchmaker.jpg'
406.9575 	EXP 	text_10: autoDraw = True
406.9575 	EXP 	text_11: autoDraw = True
406.9575 	EXP 	image_6: autoDraw = True
410.7810 	DATA 	Keypress: space
410.7917 	EXP 	text_10: autoDraw = False
410.7917 	EXP 	text_11: autoDraw = False
410.7917 	EXP 	image_6: autoDraw = False
410.7917 	EXP 	text_13: text = 'C: When will be the next time the couple meets and for what occasion?'
410.7917 	EXP 	text_14: text = 'Matchmaker'
410.7917 	EXP 	image_7: image = 'jobphotos/matchmaker.jpg'
410.7917 	EXP 	text_13: autoDraw = True
410.7917 	EXP 	text_14: autoDraw = True
410.7917 	EXP 	image_7: autoDraw = True
418.2592 	DATA 	Keypress: space
418.2741 	EXP 	text_13: autoDraw = False
418.2741 	EXP 	text_14: autoDraw = False
418.2741 	EXP 	image_7: autoDraw = False
418.2741 	EXP 	text_15: text = 'D: What time is it when the couple parts?\n'
418.2741 	EXP 	text_16: text = 'Matchmaker'
418.2741 	EXP 	image_8: image = 'jobphotos/matchmaker.jpg'
418.2741 	EXP 	text_15: autoDraw = True
418.2741 	EXP 	text_16: autoDraw = True
418.2741 	EXP 	image_8: autoDraw = True
421.6456 	DATA 	Keypress: space
421.6573 	EXP 	text_15: autoDraw = False
421.6573 	EXP 	text_16: autoDraw = False
421.6573 	EXP 	image_8: autoDraw = False
421.6573 	EXP 	text_5: autoDraw = True
422.4503 	EXP 	Created unnamed ImageStim = ImageStim(__class__=<class 'psychopy.visual.image.ImageStim'>, autoLog=True, color=array([1., 1., 1.]), colorSpace='rgb', contrast=1.0, depth=0, flipHoriz=False, flipVert=False, image='icon/checkmark.png', interpolate=False, mask=None, maskParams=None, name='unnamed ImageStim', opacity=1.0, ori=0.0, pos=array([0., 0.]), size=array([0.41190476, 0.64761905]), texRes=128, units='norm', win=Window(...))
422.4552 	EXP 	Created unnamed ImageStim = ImageStim(__class__=<class 'psychopy.visual.image.ImageStim'>, autoLog=True, color=array([1., 1., 1.]), colorSpace='rgb', contrast=1.0, depth=0, flipHoriz=False, flipVert=False, image='icon/redx.png', interpolate=False, mask=None, maskParams=None, name='unnamed ImageStim', opacity=1.0, ori=0.0, pos=array([0., 0.]), size=array([0.42857143, 0.68571429]), texRes=128, units='norm', win=Window(...))
422.4682 	EXP 	Created unnamed ImageStim = ImageStim(__class__=<class 'psychopy.visual.image.ImageStim'>, autoLog=True, color=array([1., 1., 1.]), colorSpace='rgb', contrast=1.0, depth=0, flipHoriz=False, flipVert=False, image='icon/thumbsup.png', interpolate=False, mask=None, maskParams=None, name='unnamed ImageStim', opacity=1.0, ori=0.0, pos=array([0., 0.]), size=array([0.57142857, 0.97714286]), texRes=128, units='norm', win=Window(...))
422.5149 	DATA 	Keypress: space
422.5581 	EXP 	text_5: autoDraw = False
422.5581 	EXP 	question1_2: text = '1: What is the initial question that ends the conversation between the couple?'
422.5581 	EXP 	question2_2: text = '2: When will be the next time the couple meets and for what occasion?'
422.5581 	EXP 	question3_2: text = '3: What object is the initiator of the interaction holding when he/she first notices the other person?'
422.5581 	EXP 	question4_2: text = '4: What time is it when the couple parts?\n'
422.5581 	EXP 	question5_2: text = '5: What is the initial question that begins the conversation between the couple?'
422.5581 	EXP 	question6_2: text = '6: What object is the initiator of the interaction holding when he/she leaves the other person?'
422.5581 	EXP 	question1_2: autoDraw = True
422.5581 	EXP 	question2_2: autoDraw = True
422.5581 	EXP 	question3_2: autoDraw = True
422.5581 	EXP 	question4_2: autoDraw = True
422.5581 	EXP 	question5_2: autoDraw = True
422.5581 	EXP 	question6_2: autoDraw = True
422.5581 	EXP 	image_3: autoDraw = True
425.3520 	DATA 	Keypress: 3
429.0256 	DATA 	Keypress: 5
439.7434 	DATA 	Keypress: 2
440.6415 	DATA 	Keypress: 4
442.3903 	EXP 	question1_2: autoDraw = False
442.3903 	EXP 	question2_2: autoDraw = False
442.3903 	EXP 	question3_2: autoDraw = False
442.3903 	EXP 	question4_2: autoDraw = False
442.3903 	EXP 	question5_2: autoDraw = False
442.3903 	EXP 	question6_2: autoDraw = False
442.3903 	EXP 	image_3: autoDraw = False
442.3903 	EXP 	text_3: autoDraw = True
443.3904 	EXP 	Imported count_0123.xlsx as conditions, 4 conditions, 1 params
443.3907 	EXP 	Created sequence: random, trialTypes=4, nReps=1, seed=None
443.3911 	EXP 	New trial (rep=0, index=0): OrderedDict([('count', 3)])
443.3972 	EXP 	Imported intro_roles/l2.xlsx as conditions, 1 conditions, 8 params
443.3975 	EXP 	Created sequence: sequential, trialTypes=1, nReps=30, seed=None
443.3980 	EXP 	New trial (rep=0, index=0): OrderedDict([('Q1', 'What is the grocery store like upon entering?\n'), ('Q2', 'What items do the clients pick out to buy?'), ('Q3', 'How many checkout lanes are open, and which one do the clients step into?\n'), ('Q4', 'How much are the groceries, and what method of payment do the clients use?\n'), ('D1', 'What is the grocery store like when the clients leave?'), ('D2', 'How many checkout lanes are closed, and which one do the clients step into?'), ('roleName', 'Grocery Store Customer Experience Manager\n'), ('rolePic', 'jobphotos/gscem.jpg')])
443.4411 	EXP 	text_3: autoDraw = False
443.4411 	EXP 	text_3: autoDraw = False
443.4411 	EXP 	image_2: image = 'jobphotos/gscem.jpg'
443.4411 	EXP 	text_4: text = 'Grocery Store Customer Experience Manager\n'
443.4411 	EXP 	image_2: autoDraw = True
443.4411 	EXP 	text_4: autoDraw = True
445.9654 	EXP 	Created unnamed ImageStim = ImageStim(__class__=<class 'psychopy.visual.image.ImageStim'>, autoLog=True, color=array([1., 1., 1.]), colorSpace='rgb', contrast=1.0, depth=0, flipHoriz=False, flipVert=False, image='icon/checkmark.png', interpolate=False, mask=None, maskParams=None, name='unnamed ImageStim', opacity=1.0, ori=0.0, pos=array([0., 0.]), size=array([0.41190476, 0.64761905]), texRes=128, units='norm', win=Window(...))
445.9704 	EXP 	Created unnamed ImageStim = ImageStim(__class__=<class 'psychopy.visual.image.ImageStim'>, autoLog=True, color=array([1., 1., 1.]), colorSpace='rgb', contrast=1.0, depth=0, flipHoriz=False, flipVert=False, image='icon/redx.png', interpolate=False, mask=None, maskParams=None, name='unnamed ImageStim', opacity=1.0, ori=0.0, pos=array([0., 0.]), size=array([0.42857143, 0.68571429]), texRes=128, units='norm', win=Window(...))
445.9835 	EXP 	Created unnamed ImageStim = ImageStim(__class__=<class 'psychopy.visual.image.ImageStim'>, autoLog=True, color=array([1., 1., 1.]), colorSpace='rgb', contrast=1.0, depth=0, flipHoriz=False, flipVert=False, image='icon/thumbsup.png', interpolate=False, mask=None, maskParams=None, name='unnamed ImageStim', opacity=1.0, ori=0.0, pos=array([0., 0.]), size=array([0.57142857, 0.97714286]), texRes=128, units='norm', win=Window(...))
446.0249 	DATA 	Keypress: space
446.0740 	EXP 	image_2: autoDraw = False
446.0740 	EXP 	text_4: autoDraw = False
446.0740 	EXP 	question1_3: text = '1: How many checkout lanes are open, and which one do the clients step into?\n'
446.0740 	EXP 	question2_3: text = '2: How many checkout lanes are closed, and which one do the clients step into?'
446.0740 	EXP 	question3_3: text = '3: How much are the groceries, and what method of payment do the clients use?\n'
446.0740 	EXP 	question4_3: text = '4: What is the grocery store like upon entering?\n'
446.0740 	EXP 	question5_3: text = '5: What is the grocery store like when the clients leave?'
446.0740 	EXP 	question6_3: text = '6: What items do the clients pick out to buy?'
446.0740 	EXP 	question1_3: autoDraw = True
446.0740 	EXP 	question2_3: autoDraw = True
446.0740 	EXP 	question3_3: autoDraw = True
446.0740 	EXP 	question4_3: autoDraw = True
446.0740 	EXP 	question5_3: autoDraw = True
446.0740 	EXP 	question6_3: autoDraw = True
446.0740 	EXP 	image_4: autoDraw = True
449.1516 	DATA 	Keypress: 4
452.5496 	DATA 	Keypress: 6
455.2525 	DATA 	Keypress: 1
458.5760 	DATA 	Keypress: 3
460.3156 	EXP 	New trial (rep=0, index=1): OrderedDict([('count', 0)])
460.3216 	EXP 	Imported intro_roles/s1.xlsx as conditions, 1 conditions, 8 params
460.3218 	EXP 	Created sequence: sequential, trialTypes=1, nReps=30, seed=None
460.3241 	EXP 	New trial (rep=0, index=0): OrderedDict([('Q1', 'For how long has the couple been dating?'), ('Q2', 'How many diamonds are on the ring, and what is the diamond color?'), ('Q3', 'In/on what item is the ring presented?\n'), ('Q4', 'Who does the new fiancee text first?\n'), ('D1', 'For how long has the couple known the other was going to propose?'), ('D2', 'Who does the new fiancee hug first?'), ('roleName', 'Wedding Planner'), ('rolePic', 'jobphotos/weddingplanner.jpg')])
460.3574 	EXP 	question1_3: autoDraw = False
460.3574 	EXP 	question2_3: autoDraw = False
460.3574 	EXP 	question3_3: autoDraw = False
460.3574 	EXP 	question4_3: autoDraw = False
460.3574 	EXP 	question5_3: autoDraw = False
460.3574 	EXP 	question6_3: autoDraw = False
460.3574 	EXP 	image_4: autoDraw = False
460.3574 	EXP 	image_2: image = 'jobphotos/weddingplanner.jpg'
460.3574 	EXP 	text_4: text = 'Wedding Planner'
460.3574 	EXP 	image_2: autoDraw = True
460.3574 	EXP 	text_4: autoDraw = True
464.8488 	EXP 	Created unnamed ImageStim = ImageStim(__class__=<class 'psychopy.visual.image.ImageStim'>, autoLog=True, color=array([1., 1., 1.]), colorSpace='rgb', contrast=1.0, depth=0, flipHoriz=False, flipVert=False, image='icon/checkmark.png', interpolate=False, mask=None, maskParams=None, name='unnamed ImageStim', opacity=1.0, ori=0.0, pos=array([0., 0.]), size=array([0.41190476, 0.64761905]), texRes=128, units='norm', win=Window(...))
464.8538 	EXP 	Created unnamed ImageStim = ImageStim(__class__=<class 'psychopy.visual.image.ImageStim'>, autoLog=True, color=array([1., 1., 1.]), colorSpace='rgb', contrast=1.0, depth=0, flipHoriz=False, flipVert=False, image='icon/redx.png', interpolate=False, mask=None, maskParams=None, name='unnamed ImageStim', opacity=1.0, ori=0.0, pos=array([0., 0.]), size=array([0.42857143, 0.68571429]), texRes=128, units='norm', win=Window(...))
464.8671 	EXP 	Created unnamed ImageStim = ImageStim(__class__=<class 'psychopy.visual.image.ImageStim'>, autoLog=True, color=array([1., 1., 1.]), colorSpace='rgb', contrast=1.0, depth=0, flipHoriz=False, flipVert=False, image='icon/thumbsup.png', interpolate=False, mask=None, maskParams=None, name='unnamed ImageStim', opacity=1.0, ori=0.0, pos=array([0., 0.]), size=array([0.57142857, 0.97714286]), texRes=128, units='norm', win=Window(...))
464.9040 	DATA 	Keypress: space
464.9407 	EXP 	image_2: autoDraw = False
464.9407 	EXP 	text_4: autoDraw = False
464.9407 	EXP 	question1_3: text = '1: Who does the new fiancee hug first?'
464.9407 	EXP 	question2_3: text = '2: For how long has the couple known the other was going to propose?'
464.9407 	EXP 	question3_3: text = '3: In/on what item is the ring presented?\n'
464.9407 	EXP 	question4_3: text = '4: For how long has the couple been dating?'
464.9407 	EXP 	question5_3: text = '5: How many diamonds are on the ring, and what is the diamond color?'
464.9407 	EXP 	question6_3: text = '6: Who does the new fiancee text first?\n'
464.9407 	EXP 	question1_3: autoDraw = True
464.9407 	EXP 	question2_3: autoDraw = True
464.9407 	EXP 	question3_3: autoDraw = True
464.9407 	EXP 	question4_3: autoDraw = True
464.9407 	EXP 	question5_3: autoDraw = True
464.9407 	EXP 	question6_3: autoDraw = True
464.9407 	EXP 	image_4: autoDraw = True
480.2516 	DATA 	Keypress: 4
489.9532 	DATA 	Keypress: 5
517.3040 	DATA 	Keypress: 3
520.0336 	DATA 	Keypress: 6
521.7820 	EXP 	New trial (rep=0, index=2): OrderedDict([('count', 2)])
521.7918 	EXP 	Imported intro_roles/l0.xlsx as conditions, 1 conditions, 8 params
521.7920 	EXP 	Created sequence: sequential, trialTypes=1, nReps=30, seed=None
521.7944 	EXP 	New trial (rep=0, index=0): OrderedDict([('Q1', 'How is the restaurant decorated?'), ('Q2', 'What are the menus like?'), ('Q3', 'What does each client order?\n'), ('Q4', 'How do the clients like the food?'), ('D1', 'How is the restaurant supplied?'), ('D2', 'How do the clients like the chairs?'), ('roleName', 'Restaurant Critic'), ('rolePic', 'jobphotos/restaurant_critic.jpg')])
521.8233 	EXP 	question1_3: autoDraw = False
521.8233 	EXP 	question2_3: autoDraw = False
521.8233 	EXP 	question3_3: autoDraw = False
521.8233 	EXP 	question4_3: autoDraw = False
521.8233 	EXP 	question5_3: autoDraw = False
521.8233 	EXP 	question6_3: autoDraw = False
521.8233 	EXP 	image_4: autoDraw = False
521.8233 	EXP 	image_2: image = 'jobphotos/restaurant_critic.jpg'
521.8233 	EXP 	text_4: text = 'Restaurant Critic'
521.8233 	EXP 	image_2: autoDraw = True
521.8233 	EXP 	text_4: autoDraw = True
522.7132 	EXP 	Created unnamed ImageStim = ImageStim(__class__=<class 'psychopy.visual.image.ImageStim'>, autoLog=True, color=array([1., 1., 1.]), colorSpace='rgb', contrast=1.0, depth=0, flipHoriz=False, flipVert=False, image='icon/checkmark.png', interpolate=False, mask=None, maskParams=None, name='unnamed ImageStim', opacity=1.0, ori=0.0, pos=array([0., 0.]), size=array([0.41190476, 0.64761905]), texRes=128, units='norm', win=Window(...))
522.7182 	EXP 	Created unnamed ImageStim = ImageStim(__class__=<class 'psychopy.visual.image.ImageStim'>, autoLog=True, color=array([1., 1., 1.]), colorSpace='rgb', contrast=1.0, depth=0, flipHoriz=False, flipVert=False, image='icon/redx.png', interpolate=False, mask=None, maskParams=None, name='unnamed ImageStim', opacity=1.0, ori=0.0, pos=array([0., 0.]), size=array([0.42857143, 0.68571429]), texRes=128, units='norm', win=Window(...))
522.7315 	EXP 	Created unnamed ImageStim = ImageStim(__class__=<class 'psychopy.visual.image.ImageStim'>, autoLog=True, color=array([1., 1., 1.]), colorSpace='rgb', contrast=1.0, depth=0, flipHoriz=False, flipVert=False, image='icon/thumbsup.png', interpolate=False, mask=None, maskParams=None, name='unnamed ImageStim', opacity=1.0, ori=0.0, pos=array([0., 0.]), size=array([0.57142857, 0.97714286]), texRes=128, units='norm', win=Window(...))
522.7627 	DATA 	Keypress: space
522.8065 	EXP 	image_2: autoDraw = False
522.8065 	EXP 	text_4: autoDraw = False
522.8065 	EXP 	question1_3: text = '1: What does each client order?\n'
522.8065 	EXP 	question2_3: text = '2: How do the clients like the food?'
522.8065 	EXP 	question3_3: text = '3: How is the restaurant decorated?'
522.8065 	EXP 	question4_3: text = '4: How do the clients like the chairs?'
522.8065 	EXP 	question5_3: text = '5: How is the restaurant supplied?'
522.8065 	EXP 	question6_3: text = '6: What are the menus like?'
522.8065 	EXP 	question1_3: autoDraw = True
522.8065 	EXP 	question2_3: autoDraw = True
522.8065 	EXP 	question3_3: autoDraw = True
522.8065 	EXP 	question4_3: autoDraw = True
522.8065 	EXP 	question5_3: autoDraw = True
522.8065 	EXP 	question6_3: autoDraw = True
522.8065 	EXP 	image_4: autoDraw = True
527.1327 	DATA 	Keypress: 3
531.7840 	DATA 	Keypress: 6
537.0691 	DATA 	Keypress: 1
539.7991 	DATA 	Keypress: 2
541.5483 	EXP 	New trial (rep=0, index=3): OrderedDict([('count', 1)])
541.5665 	EXP 	Imported intro_roles/s3.xlsx as conditions, 1 conditions, 8 params
541.5666 	EXP 	Created sequence: sequential, trialTypes=1, nReps=30, seed=None
541.5670 	EXP 	New trial (rep=0, index=0): OrderedDict([('Q1', 'What object is the initiator of the interaction holding when he/she first notices the other person?'), ('Q2', 'What is the initial question that begins the conversation between the couple?'), ('Q3', 'When will be the next time the couple meets and for what occasion?'), ('Q4', 'What time is it when the couple parts?\n'), ('D1', 'What is the initial question that ends the conversation between the couple?'), ('D2', 'What object is the initiator of the interaction holding when he/she leaves the other person?'), ('roleName', 'Matchmaker'), ('rolePic', 'jobphotos/matchmaker.jpg')])
541.6068 	EXP 	question1_3: autoDraw = False
541.6068 	EXP 	question2_3: autoDraw = False
541.6068 	EXP 	question3_3: autoDraw = False
541.6068 	EXP 	question4_3: autoDraw = False
541.6068 	EXP 	question5_3: autoDraw = False
541.6068 	EXP 	question6_3: autoDraw = False
541.6068 	EXP 	image_4: autoDraw = False
541.6068 	EXP 	image_2: image = 'jobphotos/matchmaker.jpg'
541.6068 	EXP 	text_4: text = 'Matchmaker'
541.6068 	EXP 	image_2: autoDraw = True
541.6068 	EXP 	text_4: autoDraw = True
542.8971 	EXP 	Created unnamed ImageStim = ImageStim(__class__=<class 'psychopy.visual.image.ImageStim'>, autoLog=True, color=array([1., 1., 1.]), colorSpace='rgb', contrast=1.0, depth=0, flipHoriz=False, flipVert=False, image='icon/checkmark.png', interpolate=False, mask=None, maskParams=None, name='unnamed ImageStim', opacity=1.0, ori=0.0, pos=array([0., 0.]), size=array([0.41190476, 0.64761905]), texRes=128, units='norm', win=Window(...))
542.9021 	EXP 	Created unnamed ImageStim = ImageStim(__class__=<class 'psychopy.visual.image.ImageStim'>, autoLog=True, color=array([1., 1., 1.]), colorSpace='rgb', contrast=1.0, depth=0, flipHoriz=False, flipVert=False, image='icon/redx.png', interpolate=False, mask=None, maskParams=None, name='unnamed ImageStim', opacity=1.0, ori=0.0, pos=array([0., 0.]), size=array([0.42857143, 0.68571429]), texRes=128, units='norm', win=Window(...))
542.9153 	EXP 	Created unnamed ImageStim = ImageStim(__class__=<class 'psychopy.visual.image.ImageStim'>, autoLog=True, color=array([1., 1., 1.]), colorSpace='rgb', contrast=1.0, depth=0, flipHoriz=False, flipVert=False, image='icon/thumbsup.png', interpolate=False, mask=None, maskParams=None, name='unnamed ImageStim', opacity=1.0, ori=0.0, pos=array([0., 0.]), size=array([0.57142857, 0.97714286]), texRes=128, units='norm', win=Window(...))
542.9618 	DATA 	Keypress: space
543.0070 	EXP 	image_2: autoDraw = False
543.0070 	EXP 	text_4: autoDraw = False
543.0070 	EXP 	question1_3: text = '1: When will be the next time the couple meets and for what occasion?'
543.0070 	EXP 	question2_3: text = '2: What object is the initiator of the interaction holding when he/she first notices the other person?'
543.0070 	EXP 	question3_3: text = '3: What is the initial question that ends the conversation between the couple?'
543.0070 	EXP 	question4_3: text = '4: What time is it when the couple parts?\n'
543.0070 	EXP 	question5_3: text = '5: What object is the initiator of the interaction holding when he/she leaves the other person?'
543.0070 	EXP 	question6_3: text = '6: What is the initial question that begins the conversation between the couple?'
543.0070 	EXP 	question1_3: autoDraw = True
543.0070 	EXP 	question2_3: autoDraw = True
543.0070 	EXP 	question3_3: autoDraw = True
543.0070 	EXP 	question4_3: autoDraw = True
543.0070 	EXP 	question5_3: autoDraw = True
543.0070 	EXP 	question6_3: autoDraw = True
543.0070 	EXP 	image_4: autoDraw = True
550.1020 	DATA 	Keypress: 2
557.0040 	DATA 	Keypress: 6
561.9512 	DATA 	Keypress: 1
566.6986 	DATA 	Keypress: 4
568.4732 	EXP 	question1_3: autoDraw = False
568.4732 	EXP 	question2_3: autoDraw = False
568.4732 	EXP 	question3_3: autoDraw = False
568.4732 	EXP 	question4_3: autoDraw = False
568.4732 	EXP 	question5_3: autoDraw = False
568.4732 	EXP 	question6_3: autoDraw = False
568.4732 	EXP 	image_4: autoDraw = False
568.4732 	EXP 	text_2: autoDraw = True
573.4901 	EXP 	text_2: autoDraw = False
573.4901 	EXP 	text_2: autoDraw = False
573.7783 	EXP 	window1: mouseVisible = True
