1.0937 	ERROR 	Requested audio device 'USB Audio CODEC ' that is not available on this hardware. The 'audioDevice' preference should be one of ['MacBook Pro Speakers']
10.5441 	EXP 	Created window1 = Window(allowGUI=False, allowStencil=False, args=UNKNOWN, autoLog=True, bitsMode=UNKNOWN, blendMode='avg', color=array([0., 0., 0.]), colorSpace='rgb', fullscr=<method-wrapper '__getattribute__' of attributeSetter object at 0x10a132748>, gamma=None, gammaErrorPolicy='raise', kwargs=UNKNOWN, lms=UNKNOWN, monitor=<psychopy.monitors.calibTools.Monitor object at 0x10a107a90>, multiSample=False, name='window1', numSamples=2, pos=[420.0, 262.5], screen=0, size=array([3360, 2100]), stereo=False, units='norm', useFBO=True, useRetina=True, viewOri=0.0, viewPos=None, viewScale=None, waitBlanking=True, winType='pyglet')
10.5442 	EXP 	window1: recordFrameIntervals = False
10.7100 	EXP 	window1: recordFrameIntervals = True
10.8941 	EXP 	window1: recordFrameIntervals = False
11.1535 	EXP 	Created text = TextStim(__class__=<class 'psychopy.visual.text.TextStim'>, alignHoriz='center', alignVert='center', antialias=True, autoLog=True, bold=False, color='white', colorSpace='named', contrast=1.0, depth=0.0, flipHoriz=False, flipVert=False, font='Arial', fontFiles=[], height=0.1, italic=False, languageStyle='LTR', name='text', opacity=1.0, ori=0, pos=array([0., 0.]), rgb=array([255., 255., 255.]), text='default text', units='norm', win=Window(...), wrapWidth=1)
11.1786 	EXP 	Created text = TextStim(__class__=<class 'psychopy.visual.text.TextStim'>, alignHoriz='center', alignVert='center', antialias=True, autoLog=True, bold=False, color='white', colorSpace='named', contrast=1.0, depth=0.0, flipHoriz=False, flipVert=False, font='Arial', fontFiles=[], height=0.1, italic=False, languageStyle='LTR', name='text', opacity=1.0, ori=0, pos=array([0., 0.]), rgb=array([255., 255., 255.]), text='default text', units='norm', win=Window(...), wrapWidth=1)
11.2017 	EXP 	Created text = TextStim(__class__=<class 'psychopy.visual.text.TextStim'>, alignHoriz='center', alignVert='center', antialias=True, autoLog=True, bold=False, color='white', colorSpace='named', contrast=1.0, depth=0.0, flipHoriz=False, flipVert=False, font='Arial', fontFiles=[], height=0.1, italic=False, languageStyle='LTR', name='text', opacity=1.0, ori=0, pos=array([0., 0.]), rgb=array([255., 255., 255.]), text='default text', units='norm', win=Window(...), wrapWidth=1)
11.2662 	EXP 	Created text_12 = TextStim(__class__=<class 'psychopy.visual.text.TextStim'>, alignHoriz='center', alignVert='center', antialias=True, autoLog=True, bold=False, color='white', colorSpace='named', contrast=1.0, depth=-1.0, flipHoriz=False, flipVert=False, font='Arial', fontFiles=[], height=0.1, italic=False, languageStyle='LTR', name='text_12', opacity=1.0, ori=0, pos=array([0. , 0.5]), rgb=array([255., 255., 255.]), text=str(...), units='norm', win=Window(...), wrapWidth=1)
11.3127 	EXP 	Created image_11 = ImageStim(__class__=<class 'psychopy.visual.image.ImageStim'>, autoLog=True, color=array([1., 1., 1.]), colorSpace='rgb', contrast=1.0, depth=-2.0, flipHoriz=False, flipVert=False, image='icon/intro_faces.jpg', interpolate=True, mask=None, maskParams=None, name='image_11', opacity=1.0, ori=0.0, pos=array([ 0. , -0.5]), size=array([0.85, 0.75]), texRes=128, units='norm', win=Window(...))
11.3158 	EXP 	Created text = TextStim(__class__=<class 'psychopy.visual.text.TextStim'>, alignHoriz='center', alignVert='center', antialias=True, autoLog=True, bold=False, color='white', colorSpace='named', contrast=1.0, depth=0.0, flipHoriz=False, flipVert=False, font='Arial', fontFiles=[], height=0.1, italic=False, languageStyle='LTR', name='text', opacity=1.0, ori=0, pos=array([0., 0.]), rgb=array([255., 255., 255.]), text='default text', units='norm', win=Window(...), wrapWidth=1)
11.3384 	EXP 	Created image_12 = ImageStim(__class__=<class 'psychopy.visual.image.ImageStim'>, autoLog=True, color=array([1., 1., 1.]), colorSpace='rgb', contrast=1.0, depth=0.0, flipHoriz=False, flipVert=False, image='sin', interpolate=True, mask=None, maskParams=None, name='image_12', opacity=1.0, ori=0.0, pos=array([0., 0.]), size=array([0.85, 0.75]), texRes=128, units='norm', win=Window(...))
11.3446 	EXP 	Created text_17 = TextStim(__class__=<class 'psychopy.visual.text.TextStim'>, alignHoriz='center', alignVert='center', antialias=True, autoLog=True, bold=False, color='white', colorSpace='named', contrast=1.0, depth=-1.0, flipHoriz=False, flipVert=False, font='Arial', fontFiles=[], height=0.15, italic=False, languageStyle='LTR', name='text_17', opacity=1.0, ori=0, pos=array([ 0. , -0.7]), rgb=array([255., 255., 255.]), text='default text', units='norm', win=Window(...), wrapWidth=1)
11.3691 	EXP 	Created text = TextStim(__class__=<class 'psychopy.visual.text.TextStim'>, alignHoriz='center', alignVert='center', antialias=True, autoLog=True, bold=False, color='white', colorSpace='named', contrast=1.0, depth=0.0, flipHoriz=False, flipVert=False, font='Arial', fontFiles=[], height=0.1, italic=False, languageStyle='LTR', name='text', opacity=1.0, ori=0, pos=array([0., 0.]), rgb=array([255., 255., 255.]), text='default text', units='norm', win=Window(...), wrapWidth=1)
11.3937 	EXP 	Created text_18 = TextStim(__class__=<class 'psychopy.visual.text.TextStim'>, alignHoriz='center', alignVert='center', antialias=True, autoLog=True, bold=False, color='white', colorSpace='named', contrast=1.0, depth=0.0, flipHoriz=False, flipVert=False, font='Arial', fontFiles=[], height=0.15, italic=False, languageStyle='LTR', name='text_18', opacity=1.0, ori=0, pos=array([-0.5 ,  0.25]), rgb=array([255., 255., 255.]), text='default text', units='norm', win=Window(...), wrapWidth=0.5)
11.3949 	EXP 	Created image_9 = ImageStim(__class__=<class 'psychopy.visual.image.ImageStim'>, autoLog=True, color=array([1., 1., 1.]), colorSpace='rgb', contrast=1.0, depth=-1.0, flipHoriz=False, flipVert=False, image='sin', interpolate=True, mask=None, maskParams=None, name='image_9', opacity=1.0, ori=0.0, pos=array([0.25, 0.25]), size=array([0.85, 0.75]), texRes=128, units='norm', win=Window(...))
11.4184 	EXP 	Created text_8 = TextStim(__class__=<class 'psychopy.visual.text.TextStim'>, alignHoriz='center', alignVert='center', antialias=True, autoLog=True, bold=False, color='white', colorSpace='named', contrast=1.0, depth=0.0, flipHoriz=False, flipVert=False, font='Arial', fontFiles=[], height=0.1, italic=False, languageStyle='LTR', name='text_8', opacity=1.0, ori=0, pos=array([ 0. , -0.6]), rgb=array([255., 255., 255.]), text='default text', units='norm', win=Window(...), wrapWidth=1)
11.4215 	EXP 	Created text_9 = TextStim(__class__=<class 'psychopy.visual.text.TextStim'>, alignHoriz='center', alignVert='center', antialias=True, autoLog=True, bold=False, color='white', colorSpace='named', contrast=1.0, depth=-1.0, flipHoriz=False, flipVert=False, font='Arial', fontFiles=[], height=0.15, italic=False, languageStyle='LTR', name='text_9', opacity=1.0, ori=0, pos=array([-0.5 ,  0.25]), rgb=array([255., 255., 255.]), text='default text', units='norm', win=Window(...), wrapWidth=0.5)
11.4226 	EXP 	Created image_5 = ImageStim(__class__=<class 'psychopy.visual.image.ImageStim'>, autoLog=True, color=array([1., 1., 1.]), colorSpace='rgb', contrast=1.0, depth=-2.0, flipHoriz=False, flipVert=False, image='sin', interpolate=True, mask=None, maskParams=None, name='image_5', opacity=1.0, ori=0.0, pos=array([0.25, 0.25]), size=array([0.85, 0.75]), texRes=128, units='norm', win=Window(...))
11.4470 	EXP 	Created text_10 = TextStim(__class__=<class 'psychopy.visual.text.TextStim'>, alignHoriz='center', alignVert='center', antialias=True, autoLog=True, bold=False, color='white', colorSpace='named', contrast=1.0, depth=0.0, flipHoriz=False, flipVert=False, font='Arial', fontFiles=[], height=0.1, italic=False, languageStyle='LTR', name='text_10', opacity=1.0, ori=0, pos=array([ 0. , -0.6]), rgb=array([255., 255., 255.]), text='default text', units='norm', win=Window(...), wrapWidth=1)
11.4501 	EXP 	Created text_11 = TextStim(__class__=<class 'psychopy.visual.text.TextStim'>, alignHoriz='center', alignVert='center', antialias=True, autoLog=True, bold=False, color='white', colorSpace='named', contrast=1.0, depth=-1.0, flipHoriz=False, flipVert=False, font='Arial', fontFiles=[], height=0.15, italic=False, languageStyle='LTR', name='text_11', opacity=1.0, ori=0, pos=array([-0.5 ,  0.25]), rgb=array([255., 255., 255.]), text='default text', units='norm', win=Window(...), wrapWidth=0.5)
11.4532 	EXP 	Created image_6 = ImageStim(__class__=<class 'psychopy.visual.image.ImageStim'>, autoLog=True, color=array([1., 1., 1.]), colorSpace='rgb', contrast=1.0, depth=-2.0, flipHoriz=False, flipVert=False, image='sin', interpolate=True, mask=None, maskParams=None, name='image_6', opacity=1.0, ori=0.0, pos=array([0.25, 0.25]), size=array([0.85, 0.75]), texRes=128, units='norm', win=Window(...))
11.4763 	EXP 	Created text_13 = TextStim(__class__=<class 'psychopy.visual.text.TextStim'>, alignHoriz='center', alignVert='center', antialias=True, autoLog=True, bold=False, color='white', colorSpace='named', contrast=1.0, depth=0.0, flipHoriz=False, flipVert=False, font='Arial', fontFiles=[], height=0.1, italic=False, languageStyle='LTR', name='text_13', opacity=1.0, ori=0, pos=array([ 0. , -0.6]), rgb=array([255., 255., 255.]), text='default text', units='norm', win=Window(...), wrapWidth=1)
11.4790 	EXP 	Created text_14 = TextStim(__class__=<class 'psychopy.visual.text.TextStim'>, alignHoriz='center', alignVert='center', antialias=True, autoLog=True, bold=False, color='white', colorSpace='named', contrast=1.0, depth=-1.0, flipHoriz=False, flipVert=False, font='Arial', fontFiles=[], height=0.15, italic=False, languageStyle='LTR', name='text_14', opacity=1.0, ori=0, pos=array([-0.5 ,  0.25]), rgb=array([255., 255., 255.]), text='default text', units='norm', win=Window(...), wrapWidth=0.5)
11.4807 	EXP 	Created image_7 = ImageStim(__class__=<class 'psychopy.visual.image.ImageStim'>, autoLog=True, color=array([1., 1., 1.]), colorSpace='rgb', contrast=1.0, depth=-2.0, flipHoriz=False, flipVert=False, image='sin', interpolate=True, mask=None, maskParams=None, name='image_7', opacity=1.0, ori=0.0, pos=array([0.25, 0.25]), size=array([0.85, 0.75]), texRes=128, units='norm', win=Window(...))
11.5040 	EXP 	Created text_15 = TextStim(__class__=<class 'psychopy.visual.text.TextStim'>, alignHoriz='center', alignVert='center', antialias=True, autoLog=True, bold=False, color='white', colorSpace='named', contrast=1.0, depth=0.0, flipHoriz=False, flipVert=False, font='Arial', fontFiles=[], height=0.1, italic=False, languageStyle='LTR', name='text_15', opacity=1.0, ori=0, pos=array([ 0. , -0.6]), rgb=array([255., 255., 255.]), text='default text', units='norm', win=Window(...), wrapWidth=1)
11.5069 	EXP 	Created text_16 = TextStim(__class__=<class 'psychopy.visual.text.TextStim'>, alignHoriz='center', alignVert='center', antialias=True, autoLog=True, bold=False, color='white', colorSpace='named', contrast=1.0, depth=-1.0, flipHoriz=False, flipVert=False, font='Arial', fontFiles=[], height=0.15, italic=False, languageStyle='LTR', name='text_16', opacity=1.0, ori=0, pos=array([-0.5 ,  0.25]), rgb=array([255., 255., 255.]), text='default text', units='norm', win=Window(...), wrapWidth=0.5)
11.5080 	EXP 	Created image_8 = ImageStim(__class__=<class 'psychopy.visual.image.ImageStim'>, autoLog=True, color=array([1., 1., 1.]), colorSpace='rgb', contrast=1.0, depth=-2.0, flipHoriz=False, flipVert=False, image='sin', interpolate=True, mask=None, maskParams=None, name='image_8', opacity=1.0, ori=0.0, pos=array([0.25, 0.25]), size=array([0.85, 0.75]), texRes=128, units='norm', win=Window(...))
11.5392 	EXP 	Created text_5 = TextStim(__class__=<class 'psychopy.visual.text.TextStim'>, alignHoriz='center', alignVert='center', antialias=True, autoLog=True, bold=False, color='white', colorSpace='named', contrast=1.0, depth=0.0, flipHoriz=False, flipVert=False, font='Arial', fontFiles=[], height=0.1, italic=False, languageStyle='LTR', name='text_5', opacity=1.0, ori=0, pos=array([0., 0.]), rgb=array([255., 255., 255.]), text=str(...), units='norm', win=Window(...), wrapWidth=1)
11.5654 	EXP 	Created question1_2 = TextStim(__class__=<class 'psychopy.visual.text.TextStim'>, alignHoriz='center', alignVert='center', antialias=True, autoLog=True, bold=False, color='white', colorSpace='named', contrast=1.0, depth=-1.0, flipHoriz=False, flipVert=False, font='Arial', fontFiles=[], height=0.08, italic=False, languageStyle='LTR', name='question1_2', opacity=1.0, ori=0, pos=array([0. , 0.7]), rgb=array([255., 255., 255.]), text='default text', units='norm', win=Window(...), wrapWidth=2)
11.5681 	EXP 	Created question2_2 = TextStim(__class__=<class 'psychopy.visual.text.TextStim'>, alignHoriz='center', alignVert='center', antialias=True, autoLog=True, bold=False, color='white', colorSpace='named', contrast=1.0, depth=-2.0, flipHoriz=False, flipVert=False, font='Arial', fontFiles=[], height=0.08, italic=False, languageStyle='LTR', name='question2_2', opacity=1.0, ori=0, pos=array([0.  , 0.45]), rgb=array([255., 255., 255.]), text='default text', units='norm', win=Window(...), wrapWidth=2)
11.5709 	EXP 	Created question3_2 = TextStim(__class__=<class 'psychopy.visual.text.TextStim'>, alignHoriz='center', alignVert='center', antialias=True, autoLog=True, bold=False, color='white', colorSpace='named', contrast=1.0, depth=-3.0, flipHoriz=False, flipVert=False, font='Arial', fontFiles=[], height=0.08, italic=False, languageStyle='LTR', name='question3_2', opacity=1.0, ori=0, pos=array([0.  , 0.16]), rgb=array([255., 255., 255.]), text='default text', units='norm', win=Window(...), wrapWidth=2)
11.5737 	EXP 	Created question4_2 = TextStim(__class__=<class 'psychopy.visual.text.TextStim'>, alignHoriz='center', alignVert='center', antialias=True, autoLog=True, bold=False, color='white', colorSpace='named', contrast=1.0, depth=-4.0, flipHoriz=False, flipVert=False, font='Arial', fontFiles=[], height=0.08, italic=False, languageStyle='LTR', name='question4_2', opacity=1.0, ori=0, pos=array([ 0.  , -0.12]), rgb=array([255., 255., 255.]), text='default text', units='norm', win=Window(...), wrapWidth=2)
11.5765 	EXP 	Created question5_2 = TextStim(__class__=<class 'psychopy.visual.text.TextStim'>, alignHoriz='center', alignVert='center', antialias=True, autoLog=True, bold=False, color='white', colorSpace='named', contrast=1.0, depth=-5.0, flipHoriz=False, flipVert=False, font='Arial', fontFiles=[], height=0.08, italic=False, languageStyle='LTR', name='question5_2', opacity=1.0, ori=0, pos=array([ 0.  , -0.35]), rgb=array([255., 255., 255.]), text='default text', units='norm', win=Window(...), wrapWidth=2)
11.5793 	EXP 	Created question6_2 = TextStim(__class__=<class 'psychopy.visual.text.TextStim'>, alignHoriz='center', alignVert='center', antialias=True, autoLog=True, bold=False, color='white', colorSpace='named', contrast=1.0, depth=-6.0, flipHoriz=False, flipVert=False, font='Arial', fontFiles=[], height=0.08, italic=False, languageStyle='LTR', name='question6_2', opacity=1.0, ori=0, pos=array([ 0. , -0.6]), rgb=array([255., 255., 255.]), text='default text', units='norm', win=Window(...), wrapWidth=2)
11.5805 	EXP 	Created image_3 = ImageStim(__class__=<class 'psychopy.visual.image.ImageStim'>, autoLog=True, color=array([1., 1., 1.]), colorSpace='rgb', contrast=1.0, depth=-8.0, flipHoriz=False, flipVert=False, image='sin', interpolate=True, mask=None, maskParams=None, name='image_3', opacity=1.0, ori=0.0, pos=array([ 0.  , -0.85]), size=array([0.25 , 0.125]), texRes=128, units='norm', win=Window(...))
11.5841 	EXP 	Created text_3 = TextStim(__class__=<class 'psychopy.visual.text.TextStim'>, alignHoriz='center', alignVert='center', antialias=True, autoLog=True, bold=False, color='white', colorSpace='named', contrast=1.0, depth=0.0, flipHoriz=False, flipVert=False, font='Arial', fontFiles=[], height=0.1, italic=False, languageStyle='LTR', name='text_3', opacity=1.0, ori=0, pos=array([0., 0.]), rgb=array([255., 255., 255.]), text='Final Tests', units='norm', win=Window(...), wrapWidth=1)
11.5851 	EXP 	Created image_2 = ImageStim(__class__=<class 'psychopy.visual.image.ImageStim'>, autoLog=True, color=array([1., 1., 1.]), colorSpace='rgb', contrast=1.0, depth=0.0, flipHoriz=False, flipVert=False, image='sin', interpolate=True, mask=None, maskParams=None, name='image_2', opacity=1.0, ori=0.0, pos=array([0., 0.]), size=array([0.85, 0.75]), texRes=128, units='norm', win=Window(...))
11.6078 	EXP 	Created text_4 = TextStim(__class__=<class 'psychopy.visual.text.TextStim'>, alignHoriz='center', alignVert='center', antialias=True, autoLog=True, bold=False, color='white', colorSpace='named', contrast=1.0, depth=-2.0, flipHoriz=False, flipVert=False, font='Arial', fontFiles=[], height=0.15, italic=False, languageStyle='LTR', name='text_4', opacity=1.0, ori=0, pos=array([ 0. , -0.7]), rgb=array([255., 255., 255.]), text='default text', units='norm', win=Window(...), wrapWidth=1)
11.6107 	EXP 	Created question1_3 = TextStim(__class__=<class 'psychopy.visual.text.TextStim'>, alignHoriz='center', alignVert='center', antialias=True, autoLog=True, bold=False, color='white', colorSpace='named', contrast=1.0, depth=-1.0, flipHoriz=False, flipVert=False, font='Arial', fontFiles=[], height=0.08, italic=False, languageStyle='LTR', name='question1_3', opacity=1.0, ori=0, pos=array([0. , 0.7]), rgb=array([255., 255., 255.]), text='default text', units='norm', win=Window(...), wrapWidth=2)
11.6134 	EXP 	Created question2_3 = TextStim(__class__=<class 'psychopy.visual.text.TextStim'>, alignHoriz='center', alignVert='center', antialias=True, autoLog=True, bold=False, color='white', colorSpace='named', contrast=1.0, depth=-2.0, flipHoriz=False, flipVert=False, font='Arial', fontFiles=[], height=0.08, italic=False, languageStyle='LTR', name='question2_3', opacity=1.0, ori=0, pos=array([0.  , 0.45]), rgb=array([255., 255., 255.]), text='default text', units='norm', win=Window(...), wrapWidth=2)
11.6162 	EXP 	Created question3_3 = TextStim(__class__=<class 'psychopy.visual.text.TextStim'>, alignHoriz='center', alignVert='center', antialias=True, autoLog=True, bold=False, color='white', colorSpace='named', contrast=1.0, depth=-3.0, flipHoriz=False, flipVert=False, font='Arial', fontFiles=[], height=0.08, italic=False, languageStyle='LTR', name='question3_3', opacity=1.0, ori=0, pos=array([0.  , 0.16]), rgb=array([255., 255., 255.]), text='default text', units='norm', win=Window(...), wrapWidth=2)
11.6189 	EXP 	Created question4_3 = TextStim(__class__=<class 'psychopy.visual.text.TextStim'>, alignHoriz='center', alignVert='center', antialias=True, autoLog=True, bold=False, color='white', colorSpace='named', contrast=1.0, depth=-4.0, flipHoriz=False, flipVert=False, font='Arial', fontFiles=[], height=0.08, italic=False, languageStyle='LTR', name='question4_3', opacity=1.0, ori=0, pos=array([ 0.  , -0.12]), rgb=array([255., 255., 255.]), text='default text', units='norm', win=Window(...), wrapWidth=2)
11.6216 	EXP 	Created question5_3 = TextStim(__class__=<class 'psychopy.visual.text.TextStim'>, alignHoriz='center', alignVert='center', antialias=True, autoLog=True, bold=False, color='white', colorSpace='named', contrast=1.0, depth=-5.0, flipHoriz=False, flipVert=False, font='Arial', fontFiles=[], height=0.08, italic=False, languageStyle='LTR', name='question5_3', opacity=1.0, ori=0, pos=array([ 0.  , -0.35]), rgb=array([255., 255., 255.]), text='default text', units='norm', win=Window(...), wrapWidth=2)
11.6245 	EXP 	Created question6_3 = TextStim(__class__=<class 'psychopy.visual.text.TextStim'>, alignHoriz='center', alignVert='center', antialias=True, autoLog=True, bold=False, color='white', colorSpace='named', contrast=1.0, depth=-6.0, flipHoriz=False, flipVert=False, font='Arial', fontFiles=[], height=0.08, italic=False, languageStyle='LTR', name='question6_3', opacity=1.0, ori=0, pos=array([ 0. , -0.6]), rgb=array([255., 255., 255.]), text='default text', units='norm', win=Window(...), wrapWidth=2)
11.6256 	EXP 	Created image_4 = ImageStim(__class__=<class 'psychopy.visual.image.ImageStim'>, autoLog=True, color=array([1., 1., 1.]), colorSpace='rgb', contrast=1.0, depth=-8.0, flipHoriz=False, flipVert=False, image='sin', interpolate=True, mask=None, maskParams=None, name='image_4', opacity=1.0, ori=0.0, pos=array([ 0.  , -0.85]), size=array([0.25 , 0.125]), texRes=128, units='norm', win=Window(...))
11.6285 	EXP 	Created text_2 = TextStim(__class__=<class 'psychopy.visual.text.TextStim'>, alignHoriz='center', alignVert='center', antialias=True, autoLog=True, bold=False, color='white', colorSpace='named', contrast=1.0, depth=0.0, flipHoriz=False, flipVert=False, font='Arial', fontFiles=[], height=0.1, italic=False, languageStyle='LTR', name='text_2', opacity=1.0, ori=0, pos=array([0., 0.]), rgb=array([255., 255., 255.]), text='end of training', units='norm', win=Window(...), wrapWidth=1)
11.6427 	EXP 	Imported fmri_instruct1.xlsx as conditions, 5 conditions, 1 params
11.6429 	EXP 	Created sequence: sequential, trialTypes=5, nReps=1, seed=None
11.6431 	EXP 	New trial (rep=0, index=0): OrderedDict([('instruct_text', 'Welcome to the job simulator task! ')])
11.6611 	EXP 	text: text = 'Welcome to the job simulator task! '
11.6611 	EXP 	text: autoDraw = True
240.2928 	EXP 	New trial (rep=0, index=1): OrderedDict([('instruct_text', 'In this experiment you will listen to 12 short stories. ')])
240.3316 	DATA 	Keypress: space
240.3417 	EXP 	text: autoDraw = False
240.3417 	EXP 	text: text = 'In this experiment you will listen to 12 short stories. '
240.3417 	EXP 	text: autoDraw = True
243.3098 	EXP 	New trial (rep=0, index=2): OrderedDict([('instruct_text', 'During some of these stories, we will ask you to take on the perspective of a type of job. ')])
243.3274 	DATA 	Keypress: space
243.3411 	EXP 	text: autoDraw = False
243.3411 	EXP 	text: text = 'During some of these stories, we will ask you to take on the perspective of a type of job. '
243.3411 	EXP 	text: autoDraw = True
250.7584 	EXP 	New trial (rep=0, index=3): OrderedDict([('instruct_text', 'In other words, you should try to listen to the story from the perspective of that job. This is called “job simulation.”')])
250.7794 	DATA 	Keypress: space
250.7917 	EXP 	text: autoDraw = False
250.7917 	EXP 	text: text = 'In other words, you should try to listen to the story from the perspective of that job. This is called “job simulation.”'
250.7917 	EXP 	text: autoDraw = True
256.6413 	EXP 	New trial (rep=0, index=4): OrderedDict([('instruct_text', 'You will be told the job to simulate before each story. ')])
256.6534 	DATA 	Keypress: space
256.6744 	EXP 	text: autoDraw = False
256.6744 	EXP 	text: text = 'You will be told the job to simulate before each story. '
256.6744 	EXP 	text: autoDraw = True
259.8845 	EXP 	Imported fmri_instruct3.xlsx as conditions, 3 conditions, 1 params
259.8848 	EXP 	Created sequence: sequential, trialTypes=3, nReps=1, seed=None
259.8850 	EXP 	New trial (rep=0, index=0): OrderedDict([('instruct_text', 'Some stories, however, will not have any job assigned to them, and you can simply listen to the story.')])
259.9017 	DATA 	Keypress: space
259.9073 	EXP 	text: autoDraw = False
259.9073 	EXP 	text: text = 'Some stories, however, will not have any job assigned to them, and you can simply listen to the story.'
259.9073 	EXP 	text: autoDraw = True
265.7598 	EXP 	New trial (rep=0, index=1): OrderedDict([('instruct_text', 'In this part of the experiment outside of the scanner, we will introduce you to four perspectives you will be asked to take on.')])
265.7793 	DATA 	Keypress: space
265.7909 	EXP 	text: autoDraw = False
265.7909 	EXP 	text: text = 'In this part of the experiment outside of the scanner, we will introduce you to four perspectives you will be asked to take on.'
265.7909 	EXP 	text: autoDraw = True
274.5427 	EXP 	New trial (rep=0, index=2): OrderedDict([('instruct_text', "For each perspective, you'll also learn 4 questions associated with it to use when listening to a story.")])
274.5612 	DATA 	Keypress: space
274.5739 	EXP 	text: autoDraw = False
274.5739 	EXP 	text: text = "For each perspective, you'll also learn 4 questions associated with it to use when listening to a story."
274.5739 	EXP 	text: autoDraw = True
280.9670 	EXP 	Imported fmri_instruct4.xlsx as conditions, 2 conditions, 1 params
280.9672 	EXP 	Created sequence: sequential, trialTypes=2, nReps=1, seed=None
280.9675 	EXP 	New trial (rep=0, index=0): OrderedDict([('instruct_text', 'We encourage you to keep these questions in mind while listening to the story and simulating the associated perspective.')])
280.9852 	DATA 	Keypress: space
280.9907 	EXP 	text: autoDraw = False
280.9907 	EXP 	text: text = 'We encourage you to keep these questions in mind while listening to the story and simulating the associated perspective.'
280.9907 	EXP 	text: autoDraw = True
287.4421 	EXP 	New trial (rep=0, index=1): OrderedDict([('instruct_text', 'When you are in the scanner, you will listen to the 12 short stories.')])
287.4551 	DATA 	Keypress: space
287.4741 	EXP 	text: autoDraw = False
287.4741 	EXP 	text: text = 'When you are in the scanner, you will listen to the 12 short stories.'
287.4741 	EXP 	text: autoDraw = True
290.9303 	DATA 	Keypress: space
290.9396 	EXP 	text: autoDraw = False
290.9396 	EXP 	text_12: autoDraw = True
290.9396 	EXP 	image_11: autoDraw = True
299.9176 	EXP 	Imported fmri_instruct5.xlsx as conditions, 6 conditions, 1 params
299.9179 	EXP 	Created sequence: sequential, trialTypes=6, nReps=1, seed=None
299.9182 	EXP 	New trial (rep=0, index=0): OrderedDict([('instruct_text', 'Before listening to each story, you may be assigned one of the perspectives to take on while listening to it.')])
299.9362 	DATA 	Keypress: space
299.9582 	EXP 	text_12: autoDraw = False
299.9582 	EXP 	image_11: autoDraw = False
299.9582 	EXP 	text: text = 'Before listening to each story, you may be assigned one of the perspectives to take on while listening to it.'
299.9582 	EXP 	text: autoDraw = True
304.8762 	EXP 	New trial (rep=0, index=1): OrderedDict([('instruct_text', 'If a perspective is assigned, you’ll be quizzed on the 4 questions associated with it before listening.')])
304.8938 	DATA 	Keypress: space
304.9076 	EXP 	text: autoDraw = False
304.9076 	EXP 	text: text = 'If a perspective is assigned, you’ll be quizzed on the 4 questions associated with it before listening.'
304.9076 	EXP 	text: autoDraw = True
312.3249 	EXP 	New trial (rep=0, index=2): OrderedDict([('instruct_text', 'You must pass this quiz to move on to the story.')])
312.3361 	DATA 	Keypress: space
312.3571 	EXP 	text: autoDraw = False
312.3571 	EXP 	text: text = 'You must pass this quiz to move on to the story.'
312.3571 	EXP 	text: autoDraw = True
317.7081 	EXP 	New trial (rep=0, index=3): OrderedDict([('instruct_text', 'There will be additional tasks after the story listening, but we will explain them when we come to them.')])
317.7242 	DATA 	Keypress: space
317.7403 	EXP 	text: autoDraw = False
317.7403 	EXP 	text: text = 'There will be additional tasks after the story listening, but we will explain them when we come to them.'
317.7403 	EXP 	text: autoDraw = True
324.1746 	EXP 	New trial (rep=0, index=4): OrderedDict([('instruct_text', 'Are you reading to begin the training on the perspectives?')])
324.1885 	DATA 	Keypress: space
324.2074 	EXP 	text: autoDraw = False
324.2074 	EXP 	text: text = 'Are you reading to begin the training on the perspectives?'
324.2074 	EXP 	text: autoDraw = True
328.3913 	EXP 	New trial (rep=0, index=5): OrderedDict([('instruct_text', 'The four perspectives are as follows:')])
328.4013 	DATA 	Keypress: space
328.4069 	EXP 	text: autoDraw = False
328.4069 	EXP 	text: text = 'The four perspectives are as follows:'
328.4069 	EXP 	text: autoDraw = True
330.2830 	EXP 	Imported count_0123.xlsx as conditions, 4 conditions, 1 params
330.2843 	EXP 	Created sequence: random, trialTypes=4, nReps=1, seed=None
330.2847 	EXP 	New trial (rep=0, index=0): OrderedDict([('count', 2)])
330.2931 	EXP 	Imported intro_roles/l0.xlsx as conditions, 1 conditions, 8 params
330.2934 	EXP 	Created sequence: sequential, trialTypes=1, nReps=1, seed=None
330.2938 	EXP 	New trial (rep=0, index=0): OrderedDict([('Q1', 'How is the restaurant decorated?'), ('Q2', 'What are the menus like?'), ('Q3', 'What does each client order?\n'), ('Q4', 'How do the clients like the food?'), ('D1', 'How is the restaurant supplied?'), ('D2', 'How do the clients like the chairs?'), ('roleName', 'Restaurant Critic'), ('rolePic', 'jobphotos/restaurant_critic.jpg')])
330.3223 	DATA 	Keypress: space
330.3404 	EXP 	text: autoDraw = False
330.3404 	EXP 	image_12: image = 'jobphotos/restaurant_critic.jpg'
330.3404 	EXP 	text_17: text = 'Restaurant Critic'
330.3404 	EXP 	image_12: autoDraw = True
330.3404 	EXP 	text_17: autoDraw = True
334.2911 	EXP 	New trial (rep=0, index=1): OrderedDict([('count', 0)])
334.3427 	EXP 	Imported intro_roles/s1.xlsx as conditions, 1 conditions, 8 params
334.3429 	EXP 	Created sequence: sequential, trialTypes=1, nReps=1, seed=None
334.3434 	EXP 	New trial (rep=0, index=0): OrderedDict([('Q1', 'For how long has the couple been dating?'), ('Q2', 'How many diamonds are on the ring, and what is the diamond color?'), ('Q3', 'In/on what item is the ring presented?\n'), ('Q4', 'Who does the new fiancee text first?\n'), ('D1', 'For how long has the couple known the other was going to propose?'), ('D2', 'Who does the new fiancee hug first?'), ('roleName', 'Wedding Planner'), ('rolePic', 'jobphotos/weddingplanner.jpg')])
334.3719 	DATA 	Keypress: space
334.3906 	EXP 	image_12: autoDraw = False
334.3906 	EXP 	text_17: autoDraw = False
334.3906 	EXP 	image_12: image = 'jobphotos/weddingplanner.jpg'
334.3906 	EXP 	text_17: text = 'Wedding Planner'
334.3906 	EXP 	image_12: autoDraw = True
334.3906 	EXP 	text_17: autoDraw = True
335.5075 	EXP 	New trial (rep=0, index=2): OrderedDict([('count', 3)])
335.5168 	EXP 	Imported intro_roles/l3.xlsx as conditions, 1 conditions, 8 params
335.5171 	EXP 	Created sequence: sequential, trialTypes=1, nReps=1, seed=None
335.5174 	EXP 	New trial (rep=0, index=0): OrderedDict([('Q1', 'What is the lecture hall like?\n'), ('Q2', 'What class are the students in, and what is the day’s lecture about?\n'), ('Q3', 'What is something taught in lecture?\n'), ('Q4', 'What is the next assessment/assignment for the class, and when is it scheduled/due?'), ('D1', 'What class are the students in, and what was yesterday’s lecture about?'), ('D2', 'What is the lecture hall’s max capacity?\n'), ('roleName', 'Dean of Academic Studies'), ('rolePic', 'jobphotos/dean.jpg')])
335.5451 	DATA 	Keypress: space
335.5577 	EXP 	image_12: autoDraw = False
335.5577 	EXP 	text_17: autoDraw = False
335.5577 	EXP 	image_12: image = 'jobphotos/dean.jpg'
335.5577 	EXP 	text_17: text = 'Dean of Academic Studies'
335.5577 	EXP 	image_12: autoDraw = True
335.5577 	EXP 	text_17: autoDraw = True
337.6763 	EXP 	New trial (rep=0, index=3): OrderedDict([('count', 1)])
337.6867 	EXP 	Imported intro_roles/s3.xlsx as conditions, 1 conditions, 8 params
337.6869 	EXP 	Created sequence: sequential, trialTypes=1, nReps=1, seed=None
337.6873 	EXP 	New trial (rep=0, index=0): OrderedDict([('Q1', 'What object is the initiator of the interaction holding when he/she first notices the other person?'), ('Q2', 'What is the initial question that begins the conversation between the couple?'), ('Q3', 'When will be the next time the couple meets and for what occasion?'), ('Q4', 'What time is it when the couple parts?\n'), ('D1', 'What is the initial question that ends the conversation between the couple?'), ('D2', 'What object is the initiator of the interaction holding when he/she leaves the other person?'), ('roleName', 'Matchmaker'), ('rolePic', 'jobphotos/matchmaker.jpg')])
337.7180 	DATA 	Keypress: space
337.7238 	EXP 	image_12: autoDraw = False
337.7238 	EXP 	text_17: autoDraw = False
337.7238 	EXP 	image_12: image = 'jobphotos/matchmaker.jpg'
337.7238 	EXP 	text_17: text = 'Matchmaker'
337.7238 	EXP 	image_12: autoDraw = True
337.7238 	EXP 	text_17: autoDraw = True
339.6007 	EXP 	Imported fmri_instruct6.xlsx as conditions, 7 conditions, 1 params
339.6009 	EXP 	Created sequence: sequential, trialTypes=7, nReps=1, seed=None
339.6012 	EXP 	New trial (rep=0, index=0): OrderedDict([('instruct_text', 'You’ll become acquainted with them more in learning the 4 questions associated with each perspective.')])
339.6170 	DATA 	Keypress: space
339.6224 	EXP 	image_12: autoDraw = False
339.6224 	EXP 	text_17: autoDraw = False
339.6224 	EXP 	text: text = 'You’ll become acquainted with them more in learning the 4 questions associated with each perspective.'
339.6224 	EXP 	text: autoDraw = True
345.0913 	EXP 	New trial (rep=0, index=1): OrderedDict([('instruct_text', "For each perspective, you'll go through all four questions in a sequence.")])
345.1052 	DATA 	Keypress: space
345.1233 	EXP 	text: autoDraw = False
345.1233 	EXP 	text: text = "For each perspective, you'll go through all four questions in a sequence."
345.1233 	EXP 	text: autoDraw = True
349.4070 	EXP 	New trial (rep=0, index=2): OrderedDict([('instruct_text', "Then you'll be presented with a quiz and have to indicate which questions you saw in the order in which they appeared in the sequence.")])
349.4266 	DATA 	Keypress: space
349.4403 	EXP 	text: autoDraw = False
349.4403 	EXP 	text: text = "Then you'll be presented with a quiz and have to indicate which questions you saw in the order in which they appeared in the sequence."
349.4403 	EXP 	text: autoDraw = True
356.3076 	EXP 	New trial (rep=0, index=3): OrderedDict([('instruct_text', "You'll indicate the question you select by pressing the number key corresponding to the number in front of the question.")])
356.3265 	DATA 	Keypress: space
356.3403 	EXP 	text: autoDraw = False
356.3403 	EXP 	text: text = "You'll indicate the question you select by pressing the number key corresponding to the number in front of the question."
356.3403 	EXP 	text: autoDraw = True
362.8748 	EXP 	New trial (rep=0, index=4): OrderedDict([('instruct_text', "If you make the wrong selection, you'll get the 4 questions presented in the correct order again and restart the quiz.")])
362.8925 	DATA 	Keypress: space
362.9063 	EXP 	text: autoDraw = False
362.9063 	EXP 	text: text = "If you make the wrong selection, you'll get the 4 questions presented in the correct order again and restart the quiz."
362.9063 	EXP 	text: autoDraw = True
368.6232 	EXP 	New trial (rep=0, index=5): OrderedDict([('instruct_text', "After you've passed the quizzes for each perspective, you'll do all of them a final time, but without seeing the correct order of the questions beforehand.")])
368.6442 	DATA 	Keypress: space
368.6565 	EXP 	text: autoDraw = False
368.6565 	EXP 	text: text = "After you've passed the quizzes for each perspective, you'll do all of them a final time, but without seeing the correct order of the questions beforehand."
368.6565 	EXP 	text: autoDraw = True
379.4438 	DATA 	Keypress: c
385.9576 	EXP 	New trial (rep=0, index=6): OrderedDict([('instruct_text', 'Press space to begin!')])
385.9658 	DATA 	Keypress: space
385.9724 	EXP 	text: autoDraw = False
385.9724 	EXP 	text: text = 'Press space to begin!'
385.9724 	EXP 	text: autoDraw = True
386.9294 	EXP 	Imported count_0123.xlsx as conditions, 4 conditions, 1 params
386.9297 	EXP 	Created sequence: random, trialTypes=4, nReps=1, seed=None
386.9300 	EXP 	New trial (rep=0, index=0): OrderedDict([('count', 2)])
386.9364 	EXP 	Imported intro_roles/l0.xlsx as conditions, 1 conditions, 8 params
386.9366 	EXP 	Created sequence: sequential, trialTypes=1, nReps=30, seed=None
386.9371 	EXP 	New trial (rep=0, index=0): OrderedDict([('Q1', 'How is the restaurant decorated?'), ('Q2', 'What are the menus like?'), ('Q3', 'What does each client order?\n'), ('Q4', 'How do the clients like the food?'), ('D1', 'How is the restaurant supplied?'), ('D2', 'How do the clients like the chairs?'), ('roleName', 'Restaurant Critic'), ('rolePic', 'jobphotos/restaurant_critic.jpg')])
386.9599 	DATA 	Keypress: space
386.9727 	EXP 	text: autoDraw = False
386.9727 	EXP 	text_18: text = 'Restaurant Critic'
386.9727 	EXP 	image_9: image = 'jobphotos/restaurant_critic.jpg'
386.9727 	EXP 	text_18: autoDraw = True
386.9727 	EXP 	image_9: autoDraw = True
394.5069 	DATA 	Keypress: space
394.5235 	EXP 	text_18: autoDraw = False
394.5235 	EXP 	image_9: autoDraw = False
394.5235 	EXP 	text_8: text = 'A: How is the restaurant decorated?'
394.5235 	EXP 	text_9: text = 'Restaurant Critic'
394.5235 	EXP 	image_5: image = 'jobphotos/restaurant_critic.jpg'
394.5235 	EXP 	text_8: autoDraw = True
394.5235 	EXP 	text_9: autoDraw = True
394.5235 	EXP 	image_5: autoDraw = True
397.4729 	DATA 	Keypress: space
397.4904 	EXP 	text_8: autoDraw = False
397.4904 	EXP 	text_9: autoDraw = False
397.4904 	EXP 	image_5: autoDraw = False
397.4904 	EXP 	text_10: text = 'B: What are the menus like?'
397.4904 	EXP 	text_11: text = 'Restaurant Critic'
397.4904 	EXP 	image_6: image = 'jobphotos/restaurant_critic.jpg'
397.4904 	EXP 	text_10: autoDraw = True
397.4904 	EXP 	text_11: autoDraw = True
397.4904 	EXP 	image_6: autoDraw = True
399.4939 	DATA 	Keypress: space
399.5066 	EXP 	text_10: autoDraw = False
399.5066 	EXP 	text_11: autoDraw = False
399.5066 	EXP 	image_6: autoDraw = False
399.5066 	EXP 	text_13: text = 'C: What does each client order?\n'
399.5066 	EXP 	text_14: text = 'Restaurant Critic'
399.5066 	EXP 	image_7: image = 'jobphotos/restaurant_critic.jpg'
399.5066 	EXP 	text_13: autoDraw = True
399.5066 	EXP 	text_14: autoDraw = True
399.5066 	EXP 	image_7: autoDraw = True
401.7552 	DATA 	Keypress: space
401.7732 	EXP 	text_13: autoDraw = False
401.7732 	EXP 	text_14: autoDraw = False
401.7732 	EXP 	image_7: autoDraw = False
401.7732 	EXP 	text_15: text = 'D: How do the clients like the food?'
401.7732 	EXP 	text_16: text = 'Restaurant Critic'
401.7732 	EXP 	image_8: image = 'jobphotos/restaurant_critic.jpg'
401.7732 	EXP 	text_15: autoDraw = True
401.7732 	EXP 	text_16: autoDraw = True
401.7732 	EXP 	image_8: autoDraw = True
405.6453 	DATA 	Keypress: space
405.6552 	EXP 	text_15: autoDraw = False
405.6552 	EXP 	text_16: autoDraw = False
405.6552 	EXP 	image_8: autoDraw = False
405.6552 	EXP 	text_5: autoDraw = True
408.8157 	EXP 	Created unnamed ImageStim = ImageStim(__class__=<class 'psychopy.visual.image.ImageStim'>, autoLog=True, color=array([1., 1., 1.]), colorSpace='rgb', contrast=1.0, depth=0, flipHoriz=False, flipVert=False, image='icon/checkmark.png', interpolate=False, mask=None, maskParams=None, name='unnamed ImageStim', opacity=1.0, ori=0.0, pos=array([0., 0.]), size=array([0.41190476, 0.64761905]), texRes=128, units='norm', win=Window(...))
408.8217 	EXP 	Created unnamed ImageStim = ImageStim(__class__=<class 'psychopy.visual.image.ImageStim'>, autoLog=True, color=array([1., 1., 1.]), colorSpace='rgb', contrast=1.0, depth=0, flipHoriz=False, flipVert=False, image='icon/redx.png', interpolate=False, mask=None, maskParams=None, name='unnamed ImageStim', opacity=1.0, ori=0.0, pos=array([0., 0.]), size=array([0.42857143, 0.68571429]), texRes=128, units='norm', win=Window(...))
408.8361 	EXP 	Created unnamed ImageStim = ImageStim(__class__=<class 'psychopy.visual.image.ImageStim'>, autoLog=True, color=array([1., 1., 1.]), colorSpace='rgb', contrast=1.0, depth=0, flipHoriz=False, flipVert=False, image='icon/thumbsup.png', interpolate=False, mask=None, maskParams=None, name='unnamed ImageStim', opacity=1.0, ori=0.0, pos=array([0., 0.]), size=array([0.57142857, 0.97714286]), texRes=128, units='norm', win=Window(...))
408.8735 	DATA 	Keypress: space
408.9052 	EXP 	text_5: autoDraw = False
408.9052 	EXP 	question1_2: text = '1: How do the clients like the food?'
408.9052 	EXP 	question2_2: text = '2: How is the restaurant decorated?'
408.9052 	EXP 	question3_2: text = '3: How do the clients like the chairs?'
408.9052 	EXP 	question4_2: text = '4: What does each client order?\n'
408.9052 	EXP 	question5_2: text = '5: What are the menus like?'
408.9052 	EXP 	question6_2: text = '6: How is the restaurant supplied?'
408.9052 	EXP 	question1_2: autoDraw = True
408.9052 	EXP 	question2_2: autoDraw = True
408.9052 	EXP 	question3_2: autoDraw = True
408.9052 	EXP 	question4_2: autoDraw = True
408.9052 	EXP 	question5_2: autoDraw = True
408.9052 	EXP 	question6_2: autoDraw = True
408.9052 	EXP 	image_3: autoDraw = True
416.8982 	DATA 	Keypress: 2
421.8844 	DATA 	Keypress: 5
429.3398 	DATA 	Keypress: 4
432.2339 	DATA 	Keypress: 1
433.9974 	EXP 	New trial (rep=0, index=1): OrderedDict([('count', 1)])
434.0150 	EXP 	Imported intro_roles/s3.xlsx as conditions, 1 conditions, 8 params
434.0151 	EXP 	Created sequence: sequential, trialTypes=1, nReps=30, seed=None
434.0163 	EXP 	New trial (rep=0, index=0): OrderedDict([('Q1', 'What object is the initiator of the interaction holding when he/she first notices the other person?'), ('Q2', 'What is the initial question that begins the conversation between the couple?'), ('Q3', 'When will be the next time the couple meets and for what occasion?'), ('Q4', 'What time is it when the couple parts?\n'), ('D1', 'What is the initial question that ends the conversation between the couple?'), ('D2', 'What object is the initiator of the interaction holding when he/she leaves the other person?'), ('roleName', 'Matchmaker'), ('rolePic', 'jobphotos/matchmaker.jpg')])
434.0563 	EXP 	question1_2: autoDraw = False
434.0563 	EXP 	question2_2: autoDraw = False
434.0563 	EXP 	question3_2: autoDraw = False
434.0563 	EXP 	question4_2: autoDraw = False
434.0563 	EXP 	question5_2: autoDraw = False
434.0563 	EXP 	question6_2: autoDraw = False
434.0563 	EXP 	image_3: autoDraw = False
434.0563 	EXP 	text_18: text = 'Matchmaker'
434.0563 	EXP 	image_9: image = 'jobphotos/matchmaker.jpg'
434.0563 	EXP 	text_18: autoDraw = True
434.0563 	EXP 	image_9: autoDraw = True
437.9321 	DATA 	Keypress: space
437.9387 	EXP 	text_18: autoDraw = False
437.9387 	EXP 	image_9: autoDraw = False
437.9387 	EXP 	text_8: text = 'A: What object is the initiator of the interaction holding when he/she first notices the other person?'
437.9387 	EXP 	text_9: text = 'Matchmaker'
437.9387 	EXP 	image_5: image = 'jobphotos/matchmaker.jpg'
437.9387 	EXP 	text_8: autoDraw = True
437.9387 	EXP 	text_9: autoDraw = True
437.9387 	EXP 	image_5: autoDraw = True
451.4918 	DATA 	Keypress: space
451.5561 	EXP 	text_8: autoDraw = False
451.5561 	EXP 	text_9: autoDraw = False
451.5561 	EXP 	image_5: autoDraw = False
451.5561 	EXP 	text_10: text = 'B: What is the initial question that begins the conversation between the couple?'
451.5561 	EXP 	text_11: text = 'Matchmaker'
451.5561 	EXP 	image_6: image = 'jobphotos/matchmaker.jpg'
451.5561 	EXP 	text_10: autoDraw = True
451.5561 	EXP 	text_11: autoDraw = True
451.5561 	EXP 	image_6: autoDraw = True
464.0925 	DATA 	Keypress: space
464.1555 	EXP 	text_10: autoDraw = False
464.1555 	EXP 	text_11: autoDraw = False
464.1555 	EXP 	image_6: autoDraw = False
464.1555 	EXP 	text_13: text = 'C: When will be the next time the couple meets and for what occasion?'
464.1555 	EXP 	text_14: text = 'Matchmaker'
464.1555 	EXP 	image_7: image = 'jobphotos/matchmaker.jpg'
464.1555 	EXP 	text_13: autoDraw = True
464.1555 	EXP 	text_14: autoDraw = True
464.1555 	EXP 	image_7: autoDraw = True
469.0758 	DATA 	Keypress: space
469.0889 	EXP 	text_13: autoDraw = False
469.0889 	EXP 	text_14: autoDraw = False
469.0889 	EXP 	image_7: autoDraw = False
469.0889 	EXP 	text_15: text = 'D: What time is it when the couple parts?\n'
469.0889 	EXP 	text_16: text = 'Matchmaker'
469.0889 	EXP 	image_8: image = 'jobphotos/matchmaker.jpg'
469.0889 	EXP 	text_15: autoDraw = True
469.0889 	EXP 	text_16: autoDraw = True
469.0889 	EXP 	image_8: autoDraw = True
471.5943 	DATA 	Keypress: space
471.6052 	EXP 	text_15: autoDraw = False
471.6052 	EXP 	text_16: autoDraw = False
471.6052 	EXP 	image_8: autoDraw = False
471.6052 	EXP 	text_5: autoDraw = True
472.9981 	EXP 	Created unnamed ImageStim = ImageStim(__class__=<class 'psychopy.visual.image.ImageStim'>, autoLog=True, color=array([1., 1., 1.]), colorSpace='rgb', contrast=1.0, depth=0, flipHoriz=False, flipVert=False, image='icon/checkmark.png', interpolate=False, mask=None, maskParams=None, name='unnamed ImageStim', opacity=1.0, ori=0.0, pos=array([0., 0.]), size=array([0.41190476, 0.64761905]), texRes=128, units='norm', win=Window(...))
473.0031 	EXP 	Created unnamed ImageStim = ImageStim(__class__=<class 'psychopy.visual.image.ImageStim'>, autoLog=True, color=array([1., 1., 1.]), colorSpace='rgb', contrast=1.0, depth=0, flipHoriz=False, flipVert=False, image='icon/redx.png', interpolate=False, mask=None, maskParams=None, name='unnamed ImageStim', opacity=1.0, ori=0.0, pos=array([0., 0.]), size=array([0.42857143, 0.68571429]), texRes=128, units='norm', win=Window(...))
473.0160 	EXP 	Created unnamed ImageStim = ImageStim(__class__=<class 'psychopy.visual.image.ImageStim'>, autoLog=True, color=array([1., 1., 1.]), colorSpace='rgb', contrast=1.0, depth=0, flipHoriz=False, flipVert=False, image='icon/thumbsup.png', interpolate=False, mask=None, maskParams=None, name='unnamed ImageStim', opacity=1.0, ori=0.0, pos=array([0., 0.]), size=array([0.57142857, 0.97714286]), texRes=128, units='norm', win=Window(...))
473.0633 	DATA 	Keypress: space
473.1057 	EXP 	text_5: autoDraw = False
473.1057 	EXP 	question1_2: text = '1: What is the initial question that begins the conversation between the couple?'
473.1057 	EXP 	question2_2: text = '2: When will be the next time the couple meets and for what occasion?'
473.1057 	EXP 	question3_2: text = '3: What object is the initiator of the interaction holding when he/she leaves the other person?'
473.1057 	EXP 	question4_2: text = '4: What time is it when the couple parts?\n'
473.1057 	EXP 	question5_2: text = '5: What is the initial question that ends the conversation between the couple?'
473.1057 	EXP 	question6_2: text = '6: What object is the initiator of the interaction holding when he/she first notices the other person?'
473.1057 	EXP 	question1_2: autoDraw = True
473.1057 	EXP 	question2_2: autoDraw = True
473.1057 	EXP 	question3_2: autoDraw = True
473.1057 	EXP 	question4_2: autoDraw = True
473.1057 	EXP 	question5_2: autoDraw = True
473.1057 	EXP 	question6_2: autoDraw = True
473.1057 	EXP 	image_3: autoDraw = True
477.6065 	DATA 	Keypress: 3
478.6470 	EXP 	New trial (rep=1, index=0): OrderedDict([('Q1', 'What object is the initiator of the interaction holding when he/she first notices the other person?'), ('Q2', 'What is the initial question that begins the conversation between the couple?'), ('Q3', 'When will be the next time the couple meets and for what occasion?'), ('Q4', 'What time is it when the couple parts?\n'), ('D1', 'What is the initial question that ends the conversation between the couple?'), ('D2', 'What object is the initiator of the interaction holding when he/she leaves the other person?'), ('roleName', 'Matchmaker'), ('rolePic', 'jobphotos/matchmaker.jpg')])
478.6715 	EXP 	question1_2: autoDraw = False
478.6715 	EXP 	question2_2: autoDraw = False
478.6715 	EXP 	question3_2: autoDraw = False
478.6715 	EXP 	question4_2: autoDraw = False
478.6715 	EXP 	question5_2: autoDraw = False
478.6715 	EXP 	question6_2: autoDraw = False
478.6715 	EXP 	image_3: autoDraw = False
478.6715 	EXP 	text_18: text = 'Matchmaker'
478.6715 	EXP 	image_9: image = 'jobphotos/matchmaker.jpg'
478.6715 	EXP 	text_18: autoDraw = True
478.6715 	EXP 	image_9: autoDraw = True
480.2622 	DATA 	Keypress: space
480.2720 	EXP 	text_18: autoDraw = False
480.2720 	EXP 	image_9: autoDraw = False
480.2720 	EXP 	text_8: text = 'A: What object is the initiator of the interaction holding when he/she first notices the other person?'
480.2720 	EXP 	text_9: text = 'Matchmaker'
480.2720 	EXP 	image_5: image = 'jobphotos/matchmaker.jpg'
480.2720 	EXP 	text_8: autoDraw = True
480.2720 	EXP 	text_9: autoDraw = True
480.2720 	EXP 	image_5: autoDraw = True
483.1426 	DATA 	Keypress: space
483.1553 	EXP 	text_8: autoDraw = False
483.1553 	EXP 	text_9: autoDraw = False
483.1553 	EXP 	image_5: autoDraw = False
483.1553 	EXP 	text_10: text = 'B: What is the initial question that begins the conversation between the couple?'
483.1553 	EXP 	text_11: text = 'Matchmaker'
483.1553 	EXP 	image_6: image = 'jobphotos/matchmaker.jpg'
483.1553 	EXP 	text_10: autoDraw = True
483.1553 	EXP 	text_11: autoDraw = True
483.1553 	EXP 	image_6: autoDraw = True
485.0926 	DATA 	Keypress: space
485.1054 	EXP 	text_10: autoDraw = False
485.1054 	EXP 	text_11: autoDraw = False
485.1054 	EXP 	image_6: autoDraw = False
485.1054 	EXP 	text_13: text = 'C: When will be the next time the couple meets and for what occasion?'
485.1054 	EXP 	text_14: text = 'Matchmaker'
485.1054 	EXP 	image_7: image = 'jobphotos/matchmaker.jpg'
485.1054 	EXP 	text_13: autoDraw = True
485.1054 	EXP 	text_14: autoDraw = True
485.1054 	EXP 	image_7: autoDraw = True
486.8108 	DATA 	Keypress: space
486.8216 	EXP 	text_13: autoDraw = False
486.8216 	EXP 	text_14: autoDraw = False
486.8216 	EXP 	image_7: autoDraw = False
486.8216 	EXP 	text_15: text = 'D: What time is it when the couple parts?\n'
486.8216 	EXP 	text_16: text = 'Matchmaker'
486.8216 	EXP 	image_8: image = 'jobphotos/matchmaker.jpg'
486.8216 	EXP 	text_15: autoDraw = True
486.8216 	EXP 	text_16: autoDraw = True
486.8216 	EXP 	image_8: autoDraw = True
488.2772 	DATA 	Keypress: space
488.2882 	EXP 	text_15: autoDraw = False
488.2882 	EXP 	text_16: autoDraw = False
488.2882 	EXP 	image_8: autoDraw = False
488.2882 	EXP 	text_5: autoDraw = True
489.2804 	EXP 	Created unnamed ImageStim = ImageStim(__class__=<class 'psychopy.visual.image.ImageStim'>, autoLog=True, color=array([1., 1., 1.]), colorSpace='rgb', contrast=1.0, depth=0, flipHoriz=False, flipVert=False, image='icon/checkmark.png', interpolate=False, mask=None, maskParams=None, name='unnamed ImageStim', opacity=1.0, ori=0.0, pos=array([0., 0.]), size=array([0.41190476, 0.64761905]), texRes=128, units='norm', win=Window(...))
489.2854 	EXP 	Created unnamed ImageStim = ImageStim(__class__=<class 'psychopy.visual.image.ImageStim'>, autoLog=True, color=array([1., 1., 1.]), colorSpace='rgb', contrast=1.0, depth=0, flipHoriz=False, flipVert=False, image='icon/redx.png', interpolate=False, mask=None, maskParams=None, name='unnamed ImageStim', opacity=1.0, ori=0.0, pos=array([0., 0.]), size=array([0.42857143, 0.68571429]), texRes=128, units='norm', win=Window(...))
489.2985 	EXP 	Created unnamed ImageStim = ImageStim(__class__=<class 'psychopy.visual.image.ImageStim'>, autoLog=True, color=array([1., 1., 1.]), colorSpace='rgb', contrast=1.0, depth=0, flipHoriz=False, flipVert=False, image='icon/thumbsup.png', interpolate=False, mask=None, maskParams=None, name='unnamed ImageStim', opacity=1.0, ori=0.0, pos=array([0., 0.]), size=array([0.57142857, 0.97714286]), texRes=128, units='norm', win=Window(...))
489.3416 	DATA 	Keypress: space
489.3715 	EXP 	text_5: autoDraw = False
489.3715 	EXP 	question1_2: text = '1: What object is the initiator of the interaction holding when he/she leaves the other person?'
489.3715 	EXP 	question2_2: text = '2: What is the initial question that ends the conversation between the couple?'
489.3715 	EXP 	question3_2: text = '3: What is the initial question that begins the conversation between the couple?'
489.3715 	EXP 	question4_2: text = '4: What time is it when the couple parts?\n'
489.3715 	EXP 	question5_2: text = '5: What object is the initiator of the interaction holding when he/she first notices the other person?'
489.3715 	EXP 	question6_2: text = '6: When will be the next time the couple meets and for what occasion?'
489.3715 	EXP 	question1_2: autoDraw = True
489.3715 	EXP 	question2_2: autoDraw = True
489.3715 	EXP 	question3_2: autoDraw = True
489.3715 	EXP 	question4_2: autoDraw = True
489.3715 	EXP 	question5_2: autoDraw = True
489.3715 	EXP 	question6_2: autoDraw = True
489.3715 	EXP 	image_3: autoDraw = True
496.3829 	DATA 	Keypress: 5
499.3085 	DATA 	Keypress: 2
500.3627 	EXP 	New trial (rep=2, index=0): OrderedDict([('Q1', 'What object is the initiator of the interaction holding when he/she first notices the other person?'), ('Q2', 'What is the initial question that begins the conversation between the couple?'), ('Q3', 'When will be the next time the couple meets and for what occasion?'), ('Q4', 'What time is it when the couple parts?\n'), ('D1', 'What is the initial question that ends the conversation between the couple?'), ('D2', 'What object is the initiator of the interaction holding when he/she leaves the other person?'), ('roleName', 'Matchmaker'), ('rolePic', 'jobphotos/matchmaker.jpg')])
500.3869 	EXP 	question1_2: autoDraw = False
500.3869 	EXP 	question2_2: autoDraw = False
500.3869 	EXP 	question3_2: autoDraw = False
500.3869 	EXP 	question4_2: autoDraw = False
500.3869 	EXP 	question5_2: autoDraw = False
500.3869 	EXP 	question6_2: autoDraw = False
500.3869 	EXP 	image_3: autoDraw = False
500.3869 	EXP 	text_18: text = 'Matchmaker'
500.3869 	EXP 	image_9: image = 'jobphotos/matchmaker.jpg'
500.3869 	EXP 	text_18: autoDraw = True
500.3869 	EXP 	image_9: autoDraw = True
501.9622 	DATA 	Keypress: space
501.9713 	EXP 	text_18: autoDraw = False
501.9713 	EXP 	image_9: autoDraw = False
501.9713 	EXP 	text_8: text = 'A: What object is the initiator of the interaction holding when he/she first notices the other person?'
501.9713 	EXP 	text_9: text = 'Matchmaker'
501.9713 	EXP 	image_5: image = 'jobphotos/matchmaker.jpg'
501.9713 	EXP 	text_8: autoDraw = True
501.9713 	EXP 	text_9: autoDraw = True
501.9713 	EXP 	image_5: autoDraw = True
503.6243 	DATA 	Keypress: space
503.6719 	EXP 	text_8: autoDraw = False
503.6719 	EXP 	text_9: autoDraw = False
503.6719 	EXP 	image_5: autoDraw = False
503.6719 	EXP 	text_10: text = 'B: What is the initial question that begins the conversation between the couple?'
503.6719 	EXP 	text_11: text = 'Matchmaker'
503.6719 	EXP 	image_6: image = 'jobphotos/matchmaker.jpg'
503.6719 	EXP 	text_10: autoDraw = True
503.6719 	EXP 	text_11: autoDraw = True
503.6719 	EXP 	image_6: autoDraw = True
505.3083 	DATA 	Keypress: space
505.3552 	EXP 	text_10: autoDraw = False
505.3552 	EXP 	text_11: autoDraw = False
505.3552 	EXP 	image_6: autoDraw = False
505.3552 	EXP 	text_13: text = 'C: When will be the next time the couple meets and for what occasion?'
505.3552 	EXP 	text_14: text = 'Matchmaker'
505.3552 	EXP 	image_7: image = 'jobphotos/matchmaker.jpg'
505.3552 	EXP 	text_13: autoDraw = True
505.3552 	EXP 	text_14: autoDraw = True
505.3552 	EXP 	image_7: autoDraw = True
506.5950 	DATA 	Keypress: space
506.6050 	EXP 	text_13: autoDraw = False
506.6050 	EXP 	text_14: autoDraw = False
506.6050 	EXP 	image_7: autoDraw = False
506.6050 	EXP 	text_15: text = 'D: What time is it when the couple parts?\n'
506.6050 	EXP 	text_16: text = 'Matchmaker'
506.6050 	EXP 	image_8: image = 'jobphotos/matchmaker.jpg'
506.6050 	EXP 	text_15: autoDraw = True
506.6050 	EXP 	text_16: autoDraw = True
506.6050 	EXP 	image_8: autoDraw = True
507.6249 	DATA 	Keypress: space
507.6547 	EXP 	text_15: autoDraw = False
507.6547 	EXP 	text_16: autoDraw = False
507.6547 	EXP 	image_8: autoDraw = False
507.6547 	EXP 	text_5: autoDraw = True
508.2122 	EXP 	Created unnamed ImageStim = ImageStim(__class__=<class 'psychopy.visual.image.ImageStim'>, autoLog=True, color=array([1., 1., 1.]), colorSpace='rgb', contrast=1.0, depth=0, flipHoriz=False, flipVert=False, image='icon/checkmark.png', interpolate=False, mask=None, maskParams=None, name='unnamed ImageStim', opacity=1.0, ori=0.0, pos=array([0., 0.]), size=array([0.41190476, 0.64761905]), texRes=128, units='norm', win=Window(...))
508.2170 	EXP 	Created unnamed ImageStim = ImageStim(__class__=<class 'psychopy.visual.image.ImageStim'>, autoLog=True, color=array([1., 1., 1.]), colorSpace='rgb', contrast=1.0, depth=0, flipHoriz=False, flipVert=False, image='icon/redx.png', interpolate=False, mask=None, maskParams=None, name='unnamed ImageStim', opacity=1.0, ori=0.0, pos=array([0., 0.]), size=array([0.42857143, 0.68571429]), texRes=128, units='norm', win=Window(...))
508.2296 	EXP 	Created unnamed ImageStim = ImageStim(__class__=<class 'psychopy.visual.image.ImageStim'>, autoLog=True, color=array([1., 1., 1.]), colorSpace='rgb', contrast=1.0, depth=0, flipHoriz=False, flipVert=False, image='icon/thumbsup.png', interpolate=False, mask=None, maskParams=None, name='unnamed ImageStim', opacity=1.0, ori=0.0, pos=array([0., 0.]), size=array([0.57142857, 0.97714286]), texRes=128, units='norm', win=Window(...))
508.2560 	DATA 	Keypress: space
508.2870 	EXP 	text_5: autoDraw = False
508.2870 	EXP 	question1_2: text = '1: What object is the initiator of the interaction holding when he/she leaves the other person?'
508.2870 	EXP 	question2_2: text = '2: What is the initial question that begins the conversation between the couple?'
508.2870 	EXP 	question3_2: text = '3: What object is the initiator of the interaction holding when he/she first notices the other person?'
508.2870 	EXP 	question4_2: text = '4: What time is it when the couple parts?\n'
508.2870 	EXP 	question5_2: text = '5: What is the initial question that ends the conversation between the couple?'
508.2870 	EXP 	question6_2: text = '6: When will be the next time the couple meets and for what occasion?'
508.2870 	EXP 	question1_2: autoDraw = True
508.2870 	EXP 	question2_2: autoDraw = True
508.2870 	EXP 	question3_2: autoDraw = True
508.2870 	EXP 	question4_2: autoDraw = True
508.2870 	EXP 	question5_2: autoDraw = True
508.2870 	EXP 	question6_2: autoDraw = True
508.2870 	EXP 	image_3: autoDraw = True
512.4907 	DATA 	Keypress: 3
516.3060 	DATA 	Keypress: 2
520.6993 	DATA 	Keypress: 6
524.5141 	DATA 	Keypress: 4
526.2644 	EXP 	New trial (rep=0, index=2): OrderedDict([('count', 0)])
526.2824 	EXP 	Imported intro_roles/s1.xlsx as conditions, 1 conditions, 8 params
526.2826 	EXP 	Created sequence: sequential, trialTypes=1, nReps=30, seed=None
526.2831 	EXP 	New trial (rep=0, index=0): OrderedDict([('Q1', 'For how long has the couple been dating?'), ('Q2', 'How many diamonds are on the ring, and what is the diamond color?'), ('Q3', 'In/on what item is the ring presented?\n'), ('Q4', 'Who does the new fiancee text first?\n'), ('D1', 'For how long has the couple known the other was going to propose?'), ('D2', 'Who does the new fiancee hug first?'), ('roleName', 'Wedding Planner'), ('rolePic', 'jobphotos/weddingplanner.jpg')])
526.3214 	EXP 	question1_2: autoDraw = False
526.3214 	EXP 	question2_2: autoDraw = False
526.3214 	EXP 	question3_2: autoDraw = False
526.3214 	EXP 	question4_2: autoDraw = False
526.3214 	EXP 	question5_2: autoDraw = False
526.3214 	EXP 	question6_2: autoDraw = False
526.3214 	EXP 	image_3: autoDraw = False
526.3214 	EXP 	text_18: text = 'Wedding Planner'
526.3214 	EXP 	image_9: image = 'jobphotos/weddingplanner.jpg'
526.3214 	EXP 	text_18: autoDraw = True
526.3214 	EXP 	image_9: autoDraw = True
530.1072 	DATA 	Keypress: space
530.1217 	EXP 	text_18: autoDraw = False
530.1217 	EXP 	image_9: autoDraw = False
530.1217 	EXP 	text_8: text = 'A: For how long has the couple been dating?'
530.1217 	EXP 	text_9: text = 'Wedding Planner'
530.1217 	EXP 	image_5: image = 'jobphotos/weddingplanner.jpg'
530.1217 	EXP 	text_8: autoDraw = True
530.1217 	EXP 	text_9: autoDraw = True
530.1217 	EXP 	image_5: autoDraw = True
532.8911 	DATA 	Keypress: space
532.9056 	EXP 	text_8: autoDraw = False
532.9056 	EXP 	text_9: autoDraw = False
532.9056 	EXP 	image_5: autoDraw = False
532.9056 	EXP 	text_10: text = 'B: How many diamonds are on the ring, and what is the diamond color?'
532.9056 	EXP 	text_11: text = 'Wedding Planner'
532.9056 	EXP 	image_6: image = 'jobphotos/weddingplanner.jpg'
532.9056 	EXP 	text_10: autoDraw = True
532.9056 	EXP 	text_11: autoDraw = True
532.9056 	EXP 	image_6: autoDraw = True
535.9250 	DATA 	Keypress: space
535.9380 	EXP 	text_10: autoDraw = False
535.9380 	EXP 	text_11: autoDraw = False
535.9380 	EXP 	image_6: autoDraw = False
535.9380 	EXP 	text_13: text = 'C: In/on what item is the ring presented?\n'
535.9380 	EXP 	text_14: text = 'Wedding Planner'
535.9380 	EXP 	image_7: image = 'jobphotos/weddingplanner.jpg'
535.9380 	EXP 	text_13: autoDraw = True
535.9380 	EXP 	text_14: autoDraw = True
535.9380 	EXP 	image_7: autoDraw = True
538.7369 	DATA 	Keypress: space
538.7551 	EXP 	text_13: autoDraw = False
538.7551 	EXP 	text_14: autoDraw = False
538.7551 	EXP 	image_7: autoDraw = False
538.7551 	EXP 	text_15: text = 'D: Who does the new fiancee text first?\n'
538.7551 	EXP 	text_16: text = 'Wedding Planner'
538.7551 	EXP 	image_8: image = 'jobphotos/weddingplanner.jpg'
538.7551 	EXP 	text_15: autoDraw = True
538.7551 	EXP 	text_16: autoDraw = True
538.7551 	EXP 	image_8: autoDraw = True
543.9767 	DATA 	Keypress: space
543.9873 	EXP 	text_15: autoDraw = False
543.9873 	EXP 	text_16: autoDraw = False
543.9873 	EXP 	image_8: autoDraw = False
543.9873 	EXP 	text_5: autoDraw = True
545.2626 	EXP 	Created unnamed ImageStim = ImageStim(__class__=<class 'psychopy.visual.image.ImageStim'>, autoLog=True, color=array([1., 1., 1.]), colorSpace='rgb', contrast=1.0, depth=0, flipHoriz=False, flipVert=False, image='icon/checkmark.png', interpolate=False, mask=None, maskParams=None, name='unnamed ImageStim', opacity=1.0, ori=0.0, pos=array([0., 0.]), size=array([0.41190476, 0.64761905]), texRes=128, units='norm', win=Window(...))
545.2675 	EXP 	Created unnamed ImageStim = ImageStim(__class__=<class 'psychopy.visual.image.ImageStim'>, autoLog=True, color=array([1., 1., 1.]), colorSpace='rgb', contrast=1.0, depth=0, flipHoriz=False, flipVert=False, image='icon/redx.png', interpolate=False, mask=None, maskParams=None, name='unnamed ImageStim', opacity=1.0, ori=0.0, pos=array([0., 0.]), size=array([0.42857143, 0.68571429]), texRes=128, units='norm', win=Window(...))
545.2823 	EXP 	Created unnamed ImageStim = ImageStim(__class__=<class 'psychopy.visual.image.ImageStim'>, autoLog=True, color=array([1., 1., 1.]), colorSpace='rgb', contrast=1.0, depth=0, flipHoriz=False, flipVert=False, image='icon/thumbsup.png', interpolate=False, mask=None, maskParams=None, name='unnamed ImageStim', opacity=1.0, ori=0.0, pos=array([0., 0.]), size=array([0.57142857, 0.97714286]), texRes=128, units='norm', win=Window(...))
545.3192 	DATA 	Keypress: space
545.3549 	EXP 	text_5: autoDraw = False
545.3549 	EXP 	question1_2: text = '1: How many diamonds are on the ring, and what is the diamond color?'
545.3549 	EXP 	question2_2: text = '2: For how long has the couple known the other was going to propose?'
545.3549 	EXP 	question3_2: text = '3: Who does the new fiancee hug first?'
545.3549 	EXP 	question4_2: text = '4: Who does the new fiancee text first?\n'
545.3549 	EXP 	question5_2: text = '5: In/on what item is the ring presented?\n'
545.3549 	EXP 	question6_2: text = '6: For how long has the couple been dating?'
545.3549 	EXP 	question1_2: autoDraw = True
545.3549 	EXP 	question2_2: autoDraw = True
545.3549 	EXP 	question3_2: autoDraw = True
545.3549 	EXP 	question4_2: autoDraw = True
545.3549 	EXP 	question5_2: autoDraw = True
545.3549 	EXP 	question6_2: autoDraw = True
545.3549 	EXP 	image_3: autoDraw = True
551.0468 	DATA 	Keypress: 6
556.4300 	DATA 	Keypress: 1
562.2519 	DATA 	Keypress: 5
567.8735 	DATA 	Keypress: 4
569.6122 	EXP 	New trial (rep=0, index=3): OrderedDict([('count', 3)])
569.6335 	EXP 	Imported intro_roles/l3.xlsx as conditions, 1 conditions, 8 params
569.6337 	EXP 	Created sequence: sequential, trialTypes=1, nReps=30, seed=None
569.6342 	EXP 	New trial (rep=0, index=0): OrderedDict([('Q1', 'What is the lecture hall like?\n'), ('Q2', 'What class are the students in, and what is the day’s lecture about?\n'), ('Q3', 'What is something taught in lecture?\n'), ('Q4', 'What is the next assessment/assignment for the class, and when is it scheduled/due?'), ('D1', 'What class are the students in, and what was yesterday’s lecture about?'), ('D2', 'What is the lecture hall’s max capacity?\n'), ('roleName', 'Dean of Academic Studies'), ('rolePic', 'jobphotos/dean.jpg')])
569.6707 	EXP 	question1_2: autoDraw = False
569.6707 	EXP 	question2_2: autoDraw = False
569.6707 	EXP 	question3_2: autoDraw = False
569.6707 	EXP 	question4_2: autoDraw = False
569.6707 	EXP 	question5_2: autoDraw = False
569.6707 	EXP 	question6_2: autoDraw = False
569.6707 	EXP 	image_3: autoDraw = False
569.6707 	EXP 	text_18: text = 'Dean of Academic Studies'
569.6707 	EXP 	image_9: image = 'jobphotos/dean.jpg'
569.6707 	EXP 	text_18: autoDraw = True
569.6707 	EXP 	image_9: autoDraw = True
571.7992 	DATA 	Keypress: space
571.8042 	EXP 	text_18: autoDraw = False
571.8042 	EXP 	image_9: autoDraw = False
571.8042 	EXP 	text_8: text = 'A: What is the lecture hall like?\n'
571.8042 	EXP 	text_9: text = 'Dean of Academic Studies'
571.8042 	EXP 	image_5: image = 'jobphotos/dean.jpg'
571.8042 	EXP 	text_8: autoDraw = True
571.8042 	EXP 	text_9: autoDraw = True
571.8042 	EXP 	image_5: autoDraw = True
574.2413 	DATA 	Keypress: space
574.2543 	EXP 	text_8: autoDraw = False
574.2543 	EXP 	text_9: autoDraw = False
574.2543 	EXP 	image_5: autoDraw = False
574.2543 	EXP 	text_10: text = 'B: What class are the students in, and what is the day’s lecture about?\n'
574.2543 	EXP 	text_11: text = 'Dean of Academic Studies'
574.2543 	EXP 	image_6: image = 'jobphotos/dean.jpg'
574.2543 	EXP 	text_10: autoDraw = True
574.2543 	EXP 	text_11: autoDraw = True
574.2543 	EXP 	image_6: autoDraw = True
577.3251 	DATA 	Keypress: space
577.3381 	EXP 	text_10: autoDraw = False
577.3381 	EXP 	text_11: autoDraw = False
577.3381 	EXP 	image_6: autoDraw = False
577.3381 	EXP 	text_13: text = 'C: What is something taught in lecture?\n'
577.3381 	EXP 	text_14: text = 'Dean of Academic Studies'
577.3381 	EXP 	image_7: image = 'jobphotos/dean.jpg'
577.3381 	EXP 	text_13: autoDraw = True
577.3381 	EXP 	text_14: autoDraw = True
577.3381 	EXP 	image_7: autoDraw = True
580.0463 	DATA 	Keypress: space
580.0541 	EXP 	text_13: autoDraw = False
580.0541 	EXP 	text_14: autoDraw = False
580.0541 	EXP 	image_7: autoDraw = False
580.0541 	EXP 	text_15: text = 'D: What is the next assessment/assignment for the class, and when is it scheduled/due?'
580.0541 	EXP 	text_16: text = 'Dean of Academic Studies'
580.0541 	EXP 	image_8: image = 'jobphotos/dean.jpg'
580.0541 	EXP 	text_15: autoDraw = True
580.0541 	EXP 	text_16: autoDraw = True
580.0541 	EXP 	image_8: autoDraw = True
582.6745 	DATA 	Keypress: space
582.6862 	EXP 	text_15: autoDraw = False
582.6862 	EXP 	text_16: autoDraw = False
582.6862 	EXP 	image_8: autoDraw = False
582.6862 	EXP 	text_5: autoDraw = True
583.8621 	EXP 	Created unnamed ImageStim = ImageStim(__class__=<class 'psychopy.visual.image.ImageStim'>, autoLog=True, color=array([1., 1., 1.]), colorSpace='rgb', contrast=1.0, depth=0, flipHoriz=False, flipVert=False, image='icon/checkmark.png', interpolate=False, mask=None, maskParams=None, name='unnamed ImageStim', opacity=1.0, ori=0.0, pos=array([0., 0.]), size=array([0.41190476, 0.64761905]), texRes=128, units='norm', win=Window(...))
583.8671 	EXP 	Created unnamed ImageStim = ImageStim(__class__=<class 'psychopy.visual.image.ImageStim'>, autoLog=True, color=array([1., 1., 1.]), colorSpace='rgb', contrast=1.0, depth=0, flipHoriz=False, flipVert=False, image='icon/redx.png', interpolate=False, mask=None, maskParams=None, name='unnamed ImageStim', opacity=1.0, ori=0.0, pos=array([0., 0.]), size=array([0.42857143, 0.68571429]), texRes=128, units='norm', win=Window(...))
583.8801 	EXP 	Created unnamed ImageStim = ImageStim(__class__=<class 'psychopy.visual.image.ImageStim'>, autoLog=True, color=array([1., 1., 1.]), colorSpace='rgb', contrast=1.0, depth=0, flipHoriz=False, flipVert=False, image='icon/thumbsup.png', interpolate=False, mask=None, maskParams=None, name='unnamed ImageStim', opacity=1.0, ori=0.0, pos=array([0., 0.]), size=array([0.57142857, 0.97714286]), texRes=128, units='norm', win=Window(...))
583.9191 	DATA 	Keypress: space
583.9541 	EXP 	text_5: autoDraw = False
583.9541 	EXP 	question1_2: text = '1: What is the lecture hall’s max capacity?\n'
583.9541 	EXP 	question2_2: text = '2: What is something taught in lecture?\n'
583.9541 	EXP 	question3_2: text = '3: What class are the students in, and what was yesterday’s lecture about?'
583.9541 	EXP 	question4_2: text = '4: What class are the students in, and what is the day’s lecture about?\n'
583.9541 	EXP 	question5_2: text = '5: What is the next assessment/assignment for the class, and when is it scheduled/due?'
583.9541 	EXP 	question6_2: text = '6: What is the lecture hall like?\n'
583.9541 	EXP 	question1_2: autoDraw = True
583.9541 	EXP 	question2_2: autoDraw = True
583.9541 	EXP 	question3_2: autoDraw = True
583.9541 	EXP 	question4_2: autoDraw = True
583.9541 	EXP 	question5_2: autoDraw = True
583.9541 	EXP 	question6_2: autoDraw = True
583.9541 	EXP 	image_3: autoDraw = True
587.2647 	DATA 	Keypress: 6
595.3822 	DATA 	Keypress: 4
600.8902 	DATA 	Keypress: 2
604.8042 	DATA 	Keypress: 5
606.5707 	EXP 	question1_2: autoDraw = False
606.5707 	EXP 	question2_2: autoDraw = False
606.5707 	EXP 	question3_2: autoDraw = False
606.5707 	EXP 	question4_2: autoDraw = False
606.5707 	EXP 	question5_2: autoDraw = False
606.5707 	EXP 	question6_2: autoDraw = False
606.5707 	EXP 	image_3: autoDraw = False
606.5707 	EXP 	text_3: autoDraw = True
607.5681 	EXP 	Imported count_0123.xlsx as conditions, 4 conditions, 1 params
607.5684 	EXP 	Created sequence: random, trialTypes=4, nReps=1, seed=None
607.5699 	EXP 	New trial (rep=0, index=0): OrderedDict([('count', 2)])
607.5761 	EXP 	Imported intro_roles/l0.xlsx as conditions, 1 conditions, 8 params
607.5763 	EXP 	Created sequence: sequential, trialTypes=1, nReps=30, seed=None
607.5768 	EXP 	New trial (rep=0, index=0): OrderedDict([('Q1', 'How is the restaurant decorated?'), ('Q2', 'What are the menus like?'), ('Q3', 'What does each client order?\n'), ('Q4', 'How do the clients like the food?'), ('D1', 'How is the restaurant supplied?'), ('D2', 'How do the clients like the chairs?'), ('roleName', 'Restaurant Critic'), ('rolePic', 'jobphotos/restaurant_critic.jpg')])
607.6028 	EXP 	text_3: autoDraw = False
607.6028 	EXP 	image_2: image = 'jobphotos/restaurant_critic.jpg'
607.6028 	EXP 	text_4: text = 'Restaurant Critic'
607.6028 	EXP 	image_2: autoDraw = True
607.6028 	EXP 	text_4: autoDraw = True
609.7630 	EXP 	Created unnamed ImageStim = ImageStim(__class__=<class 'psychopy.visual.image.ImageStim'>, autoLog=True, color=array([1., 1., 1.]), colorSpace='rgb', contrast=1.0, depth=0, flipHoriz=False, flipVert=False, image='icon/checkmark.png', interpolate=False, mask=None, maskParams=None, name='unnamed ImageStim', opacity=1.0, ori=0.0, pos=array([0., 0.]), size=array([0.41190476, 0.64761905]), texRes=128, units='norm', win=Window(...))
609.7680 	EXP 	Created unnamed ImageStim = ImageStim(__class__=<class 'psychopy.visual.image.ImageStim'>, autoLog=True, color=array([1., 1., 1.]), colorSpace='rgb', contrast=1.0, depth=0, flipHoriz=False, flipVert=False, image='icon/redx.png', interpolate=False, mask=None, maskParams=None, name='unnamed ImageStim', opacity=1.0, ori=0.0, pos=array([0., 0.]), size=array([0.42857143, 0.68571429]), texRes=128, units='norm', win=Window(...))
609.7811 	EXP 	Created unnamed ImageStim = ImageStim(__class__=<class 'psychopy.visual.image.ImageStim'>, autoLog=True, color=array([1., 1., 1.]), colorSpace='rgb', contrast=1.0, depth=0, flipHoriz=False, flipVert=False, image='icon/thumbsup.png', interpolate=False, mask=None, maskParams=None, name='unnamed ImageStim', opacity=1.0, ori=0.0, pos=array([0., 0.]), size=array([0.57142857, 0.97714286]), texRes=128, units='norm', win=Window(...))
609.8116 	DATA 	Keypress: space
609.8541 	EXP 	image_2: autoDraw = False
609.8541 	EXP 	text_4: autoDraw = False
609.8541 	EXP 	question1_3: text = '1: How is the restaurant decorated?'
609.8541 	EXP 	question2_3: text = '2: How is the restaurant supplied?'
609.8541 	EXP 	question3_3: text = '3: What are the menus like?'
609.8541 	EXP 	question4_3: text = '4: What does each client order?\n'
609.8541 	EXP 	question5_3: text = '5: How do the clients like the chairs?'
609.8541 	EXP 	question6_3: text = '6: How do the clients like the food?'
609.8541 	EXP 	question1_3: autoDraw = True
609.8541 	EXP 	question2_3: autoDraw = True
609.8541 	EXP 	question3_3: autoDraw = True
609.8541 	EXP 	question4_3: autoDraw = True
609.8541 	EXP 	question5_3: autoDraw = True
609.8541 	EXP 	question6_3: autoDraw = True
609.8541 	EXP 	image_4: autoDraw = True
616.5294 	DATA 	Keypress: 1
618.7179 	DATA 	Keypress: 3
622.9727 	DATA 	Keypress: 4
625.3957 	DATA 	Keypress: 6
627.1453 	EXP 	New trial (rep=0, index=1): OrderedDict([('count', 0)])
627.1654 	EXP 	Imported intro_roles/s1.xlsx as conditions, 1 conditions, 8 params
627.1656 	EXP 	Created sequence: sequential, trialTypes=1, nReps=30, seed=None
627.1667 	EXP 	New trial (rep=0, index=0): OrderedDict([('Q1', 'For how long has the couple been dating?'), ('Q2', 'How many diamonds are on the ring, and what is the diamond color?'), ('Q3', 'In/on what item is the ring presented?\n'), ('Q4', 'Who does the new fiancee text first?\n'), ('D1', 'For how long has the couple known the other was going to propose?'), ('D2', 'Who does the new fiancee hug first?'), ('roleName', 'Wedding Planner'), ('rolePic', 'jobphotos/weddingplanner.jpg')])
627.2036 	EXP 	question1_3: autoDraw = False
627.2036 	EXP 	question2_3: autoDraw = False
627.2036 	EXP 	question3_3: autoDraw = False
627.2036 	EXP 	question4_3: autoDraw = False
627.2036 	EXP 	question5_3: autoDraw = False
627.2036 	EXP 	question6_3: autoDraw = False
627.2036 	EXP 	image_4: autoDraw = False
627.2036 	EXP 	image_2: image = 'jobphotos/weddingplanner.jpg'
627.2036 	EXP 	text_4: text = 'Wedding Planner'
627.2036 	EXP 	image_2: autoDraw = True
627.2036 	EXP 	text_4: autoDraw = True
628.5457 	EXP 	Created unnamed ImageStim = ImageStim(__class__=<class 'psychopy.visual.image.ImageStim'>, autoLog=True, color=array([1., 1., 1.]), colorSpace='rgb', contrast=1.0, depth=0, flipHoriz=False, flipVert=False, image='icon/checkmark.png', interpolate=False, mask=None, maskParams=None, name='unnamed ImageStim', opacity=1.0, ori=0.0, pos=array([0., 0.]), size=array([0.41190476, 0.64761905]), texRes=128, units='norm', win=Window(...))
628.5507 	EXP 	Created unnamed ImageStim = ImageStim(__class__=<class 'psychopy.visual.image.ImageStim'>, autoLog=True, color=array([1., 1., 1.]), colorSpace='rgb', contrast=1.0, depth=0, flipHoriz=False, flipVert=False, image='icon/redx.png', interpolate=False, mask=None, maskParams=None, name='unnamed ImageStim', opacity=1.0, ori=0.0, pos=array([0., 0.]), size=array([0.42857143, 0.68571429]), texRes=128, units='norm', win=Window(...))
628.5638 	EXP 	Created unnamed ImageStim = ImageStim(__class__=<class 'psychopy.visual.image.ImageStim'>, autoLog=True, color=array([1., 1., 1.]), colorSpace='rgb', contrast=1.0, depth=0, flipHoriz=False, flipVert=False, image='icon/thumbsup.png', interpolate=False, mask=None, maskParams=None, name='unnamed ImageStim', opacity=1.0, ori=0.0, pos=array([0., 0.]), size=array([0.57142857, 0.97714286]), texRes=128, units='norm', win=Window(...))
628.6004 	DATA 	Keypress: space
628.6366 	EXP 	image_2: autoDraw = False
628.6366 	EXP 	text_4: autoDraw = False
628.6366 	EXP 	question1_3: text = '1: Who does the new fiancee text first?\n'
628.6366 	EXP 	question2_3: text = '2: For how long has the couple known the other was going to propose?'
628.6366 	EXP 	question3_3: text = '3: For how long has the couple been dating?'
628.6366 	EXP 	question4_3: text = '4: How many diamonds are on the ring, and what is the diamond color?'
628.6366 	EXP 	question5_3: text = '5: Who does the new fiancee hug first?'
628.6366 	EXP 	question6_3: text = '6: In/on what item is the ring presented?\n'
628.6366 	EXP 	question1_3: autoDraw = True
628.6366 	EXP 	question2_3: autoDraw = True
628.6366 	EXP 	question3_3: autoDraw = True
628.6366 	EXP 	question4_3: autoDraw = True
628.6366 	EXP 	question5_3: autoDraw = True
628.6366 	EXP 	question6_3: autoDraw = True
628.6366 	EXP 	image_4: autoDraw = True
635.6470 	DATA 	Keypress: 3
640.1810 	DATA 	Keypress: 4
644.9542 	DATA 	Keypress: 6
647.5544 	DATA 	Keypress: 1
649.3276 	EXP 	New trial (rep=0, index=2): OrderedDict([('count', 3)])
649.3491 	EXP 	Imported intro_roles/l3.xlsx as conditions, 1 conditions, 8 params
649.3493 	EXP 	Created sequence: sequential, trialTypes=1, nReps=30, seed=None
649.3497 	EXP 	New trial (rep=0, index=0): OrderedDict([('Q1', 'What is the lecture hall like?\n'), ('Q2', 'What class are the students in, and what is the day’s lecture about?\n'), ('Q3', 'What is something taught in lecture?\n'), ('Q4', 'What is the next assessment/assignment for the class, and when is it scheduled/due?'), ('D1', 'What class are the students in, and what was yesterday’s lecture about?'), ('D2', 'What is the lecture hall’s max capacity?\n'), ('roleName', 'Dean of Academic Studies'), ('rolePic', 'jobphotos/dean.jpg')])
649.3871 	EXP 	question1_3: autoDraw = False
649.3871 	EXP 	question2_3: autoDraw = False
649.3871 	EXP 	question3_3: autoDraw = False
649.3871 	EXP 	question4_3: autoDraw = False
649.3871 	EXP 	question5_3: autoDraw = False
649.3871 	EXP 	question6_3: autoDraw = False
649.3871 	EXP 	image_4: autoDraw = False
649.3871 	EXP 	image_2: image = 'jobphotos/dean.jpg'
649.3871 	EXP 	text_4: text = 'Dean of Academic Studies'
649.3871 	EXP 	image_2: autoDraw = True
649.3871 	EXP 	text_4: autoDraw = True
651.2899 	DATA 	Keypress: space
651.3118 	EXP 	Created unnamed ImageStim = ImageStim(__class__=<class 'psychopy.visual.image.ImageStim'>, autoLog=True, color=array([1., 1., 1.]), colorSpace='rgb', contrast=1.0, depth=0, flipHoriz=False, flipVert=False, image='icon/checkmark.png', interpolate=False, mask=None, maskParams=None, name='unnamed ImageStim', opacity=1.0, ori=0.0, pos=array([0., 0.]), size=array([0.41190476, 0.64761905]), texRes=128, units='norm', win=Window(...))
651.3168 	EXP 	Created unnamed ImageStim = ImageStim(__class__=<class 'psychopy.visual.image.ImageStim'>, autoLog=True, color=array([1., 1., 1.]), colorSpace='rgb', contrast=1.0, depth=0, flipHoriz=False, flipVert=False, image='icon/redx.png', interpolate=False, mask=None, maskParams=None, name='unnamed ImageStim', opacity=1.0, ori=0.0, pos=array([0., 0.]), size=array([0.42857143, 0.68571429]), texRes=128, units='norm', win=Window(...))
651.3300 	EXP 	Created unnamed ImageStim = ImageStim(__class__=<class 'psychopy.visual.image.ImageStim'>, autoLog=True, color=array([1., 1., 1.]), colorSpace='rgb', contrast=1.0, depth=0, flipHoriz=False, flipVert=False, image='icon/thumbsup.png', interpolate=False, mask=None, maskParams=None, name='unnamed ImageStim', opacity=1.0, ori=0.0, pos=array([0., 0.]), size=array([0.57142857, 0.97714286]), texRes=128, units='norm', win=Window(...))
651.4036 	EXP 	image_2: autoDraw = False
651.4036 	EXP 	text_4: autoDraw = False
651.4036 	EXP 	question1_3: text = '1: What is the next assessment/assignment for the class, and when is it scheduled/due?'
651.4036 	EXP 	question2_3: text = '2: What is the lecture hall’s max capacity?\n'
651.4036 	EXP 	question3_3: text = '3: What class are the students in, and what is the day’s lecture about?\n'
651.4036 	EXP 	question4_3: text = '4: What is something taught in lecture?\n'
651.4036 	EXP 	question5_3: text = '5: What is the lecture hall like?\n'
651.4036 	EXP 	question6_3: text = '6: What class are the students in, and what was yesterday’s lecture about?'
651.4036 	EXP 	question1_3: autoDraw = True
651.4036 	EXP 	question2_3: autoDraw = True
651.4036 	EXP 	question3_3: autoDraw = True
651.4036 	EXP 	question4_3: autoDraw = True
651.4036 	EXP 	question5_3: autoDraw = True
651.4036 	EXP 	question6_3: autoDraw = True
651.4036 	EXP 	image_4: autoDraw = True
654.8978 	DATA 	Keypress: 5
663.3312 	DATA 	Keypress: 3
667.7162 	DATA 	Keypress: 4
669.0222 	DATA 	Keypress: 1
670.7636 	EXP 	New trial (rep=0, index=3): OrderedDict([('count', 1)])
670.7721 	EXP 	Imported intro_roles/s3.xlsx as conditions, 1 conditions, 8 params
670.7723 	EXP 	Created sequence: sequential, trialTypes=1, nReps=30, seed=None
670.7746 	EXP 	New trial (rep=0, index=0): OrderedDict([('Q1', 'What object is the initiator of the interaction holding when he/she first notices the other person?'), ('Q2', 'What is the initial question that begins the conversation between the couple?'), ('Q3', 'When will be the next time the couple meets and for what occasion?'), ('Q4', 'What time is it when the couple parts?\n'), ('D1', 'What is the initial question that ends the conversation between the couple?'), ('D2', 'What object is the initiator of the interaction holding when he/she leaves the other person?'), ('roleName', 'Matchmaker'), ('rolePic', 'jobphotos/matchmaker.jpg')])
670.8032 	EXP 	question1_3: autoDraw = False
670.8032 	EXP 	question2_3: autoDraw = False
670.8032 	EXP 	question3_3: autoDraw = False
670.8032 	EXP 	question4_3: autoDraw = False
670.8032 	EXP 	question5_3: autoDraw = False
670.8032 	EXP 	question6_3: autoDraw = False
670.8032 	EXP 	image_4: autoDraw = False
670.8032 	EXP 	image_2: image = 'jobphotos/matchmaker.jpg'
670.8032 	EXP 	text_4: text = 'Matchmaker'
670.8032 	EXP 	image_2: autoDraw = True
670.8032 	EXP 	text_4: autoDraw = True
672.3603 	EXP 	Created unnamed ImageStim = ImageStim(__class__=<class 'psychopy.visual.image.ImageStim'>, autoLog=True, color=array([1., 1., 1.]), colorSpace='rgb', contrast=1.0, depth=0, flipHoriz=False, flipVert=False, image='icon/checkmark.png', interpolate=False, mask=None, maskParams=None, name='unnamed ImageStim', opacity=1.0, ori=0.0, pos=array([0., 0.]), size=array([0.41190476, 0.64761905]), texRes=128, units='norm', win=Window(...))
672.3653 	EXP 	Created unnamed ImageStim = ImageStim(__class__=<class 'psychopy.visual.image.ImageStim'>, autoLog=True, color=array([1., 1., 1.]), colorSpace='rgb', contrast=1.0, depth=0, flipHoriz=False, flipVert=False, image='icon/redx.png', interpolate=False, mask=None, maskParams=None, name='unnamed ImageStim', opacity=1.0, ori=0.0, pos=array([0., 0.]), size=array([0.42857143, 0.68571429]), texRes=128, units='norm', win=Window(...))
672.3784 	EXP 	Created unnamed ImageStim = ImageStim(__class__=<class 'psychopy.visual.image.ImageStim'>, autoLog=True, color=array([1., 1., 1.]), colorSpace='rgb', contrast=1.0, depth=0, flipHoriz=False, flipVert=False, image='icon/thumbsup.png', interpolate=False, mask=None, maskParams=None, name='unnamed ImageStim', opacity=1.0, ori=0.0, pos=array([0., 0.]), size=array([0.57142857, 0.97714286]), texRes=128, units='norm', win=Window(...))
672.4249 	DATA 	Keypress: space
672.4699 	EXP 	image_2: autoDraw = False
672.4699 	EXP 	text_4: autoDraw = False
672.4699 	EXP 	question1_3: text = '1: What is the initial question that ends the conversation between the couple?'
672.4699 	EXP 	question2_3: text = '2: What time is it when the couple parts?\n'
672.4699 	EXP 	question3_3: text = '3: When will be the next time the couple meets and for what occasion?'
672.4699 	EXP 	question4_3: text = '4: What object is the initiator of the interaction holding when he/she leaves the other person?'
672.4699 	EXP 	question5_3: text = '5: What is the initial question that begins the conversation between the couple?'
672.4699 	EXP 	question6_3: text = '6: What object is the initiator of the interaction holding when he/she first notices the other person?'
672.4699 	EXP 	question1_3: autoDraw = True
672.4699 	EXP 	question2_3: autoDraw = True
672.4699 	EXP 	question3_3: autoDraw = True
672.4699 	EXP 	question4_3: autoDraw = True
672.4699 	EXP 	question5_3: autoDraw = True
672.4699 	EXP 	question6_3: autoDraw = True
672.4699 	EXP 	image_4: autoDraw = True
681.2818 	DATA 	Keypress: 6
685.1939 	DATA 	Keypress: 5
689.3511 	DATA 	Keypress: 3
690.9634 	DATA 	Keypress: 2
692.7367 	EXP 	question1_3: autoDraw = False
692.7367 	EXP 	question2_3: autoDraw = False
692.7367 	EXP 	question3_3: autoDraw = False
692.7367 	EXP 	question4_3: autoDraw = False
692.7367 	EXP 	question5_3: autoDraw = False
692.7367 	EXP 	question6_3: autoDraw = False
692.7367 	EXP 	image_4: autoDraw = False
692.7367 	EXP 	text_2: autoDraw = True
697.7360 	EXP 	text_2: autoDraw = False
698.0466 	EXP 	window1: mouseVisible = True
